#
# There is insufficient memory for the Java Runtime Environment to continue.
# Native memory allocation (malloc) failed to allocate 1048576 bytes. Error detail: AllocateHeap
# Possible reasons:
#   The system is out of physical RAM or swap space
#   This process is running with CompressedOops enabled, and the Java Heap may be blocking the growth of the native heap
# Possible solutions:
#   Reduce memory load on the system
#   Increase physical memory or swap space
#   Check if swap backing store is full
#   Decrease Java heap size (-Xmx/-Xms)
#   Decrease number of Java threads
#   Decrease Java thread stack sizes (-Xss)
#   Set larger code cache with -XX:ReservedCodeCacheSize=
#   JVM is running with Unscaled Compressed Oops mode in which the Java heap is
#     placed in the first 4GB address space. The Java Heap base address is the
#     maximum limit for the native heap growth. Please use -XX:HeapBaseMinAddress
#     to set the Java Heap base and to place the Java Heap above 4GB virtual address.
# This output file may be truncated or incomplete.
#
#  Out of Memory Error (allocation.cpp:41), pid=18328, tid=1608
#
# JRE version: OpenJDK Runtime Environment (26.0.1+8) (build 26.0.1+8-34)
# Java VM: OpenJDK 64-Bit Server VM (26.0.1+8-34, mixed mode, emulated-client, sharing, tiered, compressed oops, compressed class ptrs, g1 gc, windows-amd64)
# No core dump will be written. Minidumps are not enabled by default on client versions of Windows
#

---------------  S U M M A R Y ------------

Command Line: -XX:TieredStopAtLevel=1 -Dspring.output.ansi.enabled=always -Dcom.sun.management.jmxremote -Dspring.jmx.enabled=true -Dspring.liveBeansView.mbeanDomain -Dspring.application.admin.enabled=true -Dmanagement.endpoints.jmx.exposure.include=* -javaagent:C:\Program Files\JetBrains\IntelliJ IDEA 2026.1.1\lib\idea_rt.jar=55918 -Dfile.encoding=UTF-8 -Dsun.stdout.encoding=UTF-8 -Dsun.stderr.encoding=UTF-8 com.jsp.qeats.QeatsApplication

Host: Intel(R) Core(TM) i5-10210U CPU @ 1.60GHz, 8 cores, 3G,  Windows 11 , 64 bit Build 26100 (10.0.26100.8328)
Time: Wed Jun  3 23:22:30 2026 India Standard Time elapsed time: 861.995626 seconds (0d 0h 14m 21s)

---------------  T H R E A D  ---------------

Current thread (0x000002650cdcd500):  VMThread "VM Thread"          [id=1608, stack(0x0000008be7e00000,0x0000008be7f00000) (1024K)]

Stack: [0x0000008be7e00000,0x0000008be7f00000]
Native frames: (J=compiled Java code, j=interpreted, Vv=VM code, C=native code)
V  [jvm.dll+0x7d5879]  (no source info available)
V  [jvm.dll+0x7a37dd]  (no source info available)
V  [jvm.dll+0x9b0c10]  (no source info available)
V  [jvm.dll+0x9b3061]  (no source info available)
V  [jvm.dll+0x9b3773]  (no source info available)
V  [jvm.dll+0x30df76]  (no source info available)
V  [jvm.dll+0xf1097]  (no source info available)
V  [jvm.dll+0x3f227e]  (no source info available)
V  [jvm.dll+0x3ecca9]  (no source info available)
V  [jvm.dll+0x3d35e5]  (no source info available)
V  [jvm.dll+0x420199]  (no source info available)
V  [jvm.dll+0x9b9c21]  (no source info available)
V  [jvm.dll+0x9babeb]  (no source info available)
V  [jvm.dll+0x9bb0fc]  (no source info available)
V  [jvm.dll+0x9bb579]  (no source info available)
V  [jvm.dll+0x9bb823]  (no source info available)
V  [jvm.dll+0x94f649]  (no source info available)
V  [jvm.dll+0x7d7358]  (no source info available)
C  [ucrtbase.dll+0x37b0]  (no source info available)
C  [KERNEL32.DLL+0x2e957]  (no source info available)
C  [ntdll.dll+0x427c]  (no source info available)

VM_Operation (0x0000008be75fef00): G1CollectFull, mode: safepoint, requested by thread 0x00000265142ea5d0


---------------  P R O C E S S  ---------------

Threads class SMR info:
_java_thread_list=0x000002651407ce30, length=18, elements={
0x000002650cddf740, 0x000002650cddfef0, 0x000002650cde3290, 0x000002650cde3e40,
0x000002650cde6a00, 0x000002650cdeb5d0, 0x000002650cdefe40, 0x000002651109dbc0,
0x0000026511540a90, 0x000002651154efc0, 0x0000026511b7ed30, 0x0000026511bf9000,
0x0000026511f884c0, 0x0000026511f865e0, 0x00000265137e5070, 0x000002651440b060,
0x00000265137e8720, 0x00000265142ea5d0
}

Java Threads: ( => current thread )
  0x000002650cddf740 JavaThread "Reference Handler"          daemon [_thread_blocked, id=18560, stack(0x0000008be7f00000,0x0000008be8000000) (1024K)]
  0x000002650cddfef0 JavaThread "Finalizer"                  daemon [_thread_blocked, id=13616, stack(0x0000008be8000000,0x0000008be8100000) (1024K)]
  0x000002650cde3290 JavaThread "Signal Dispatcher"          daemon [_thread_blocked, id=6504, stack(0x0000008be8100000,0x0000008be8200000) (1024K)]
  0x000002650cde3e40 JavaThread "Attach Listener"            daemon [_thread_blocked, id=17416, stack(0x0000008be8200000,0x0000008be8300000) (1024K)]
  0x000002650cde6a00 JavaThread "Service Thread"             daemon [_thread_blocked, id=22216, stack(0x0000008be8300000,0x0000008be8400000) (1024K)]
  0x000002650cdeb5d0 JavaThread "Monitor Deflation Thread"   daemon [_thread_blocked, id=12348, stack(0x0000008be8400000,0x0000008be8500000) (1024K)]
  0x000002650cdefe40 JavaThread "C1 CompilerThread0"         daemon [_thread_blocked, id=16852, stack(0x0000008be8500000,0x0000008be8600000) (1024K)]
  0x000002651109dbc0 JavaThread "Common-Cleaner"             daemon [_thread_blocked, id=3552, stack(0x0000008be8700000,0x0000008be8800000) (1024K)]
  0x0000026511540a90 JavaThread "Monitor Ctrl-Break"         daemon [_thread_in_native, id=17468, stack(0x0000008be8a00000,0x0000008be8b00000) (1024K)]
  0x000002651154efc0 JavaThread "Notification Thread"        daemon [_thread_blocked, id=14064, stack(0x0000008be8b00000,0x0000008be8c00000) (1024K)]
  0x0000026511b7ed30 JavaThread "RMI TCP Accept-0"           daemon [_thread_in_native, id=17648, stack(0x0000008be8c00000,0x0000008be8d00000) (1024K)]
  0x0000026511bf9000 JavaThread "RMI TCP Connection(3)-10.47.245.219" daemon [_thread_blocked, id=20168, stack(0x0000008be8d00000,0x0000008be8e00000) (1024K)]
  0x0000026511f884c0 JavaThread "RMI Scheduler(0)"           daemon [_thread_blocked, id=7104, stack(0x0000008be9000000,0x0000008be9100000) (1024K)]
  0x0000026511f865e0 JavaThread "JMX server connection timeout 36" daemon [_thread_blocked, id=21896, stack(0x0000008be9100000,0x0000008be9200000) (1024K)]
  0x00000265137e5070 JavaThread "Cleaner-0"                  daemon [_thread_blocked, id=10760, stack(0x0000008be9d00000,0x0000008be9e00000) (1024K)]
  0x000002651440b060 JavaThread "DestroyJavaVM"                     [_thread_blocked, id=18812, stack(0x0000008be7600000,0x0000008be7700000) (1024K)]
  0x00000265137e8720 JavaThread "File Watcher"               daemon [_thread_blocked, id=22468, stack(0x0000008be7400000,0x0000008be7500000) (1024K)]
  0x00000265142ea5d0 JavaThread "Thread-5"                          [_thread_blocked, id=12216, stack(0x0000008be7500000,0x0000008be7600000) (1024K)]
Total: 18

Other Threads:
=>0x000002650cdcd500 VMThread "VM Thread"                           [id=1608, stack(0x0000008be7e00000,0x0000008be7f00000) (1024K)]
  0x000002657cfbe880 WatcherThread "VM Periodic Task Thread"        [id=13480, stack(0x0000008be7d00000,0x0000008be7e00000) (1024K)]
  0x000002657cf42900 WorkerThread "GC Thread#0"                     [id=1308, stack(0x0000008be7700000,0x0000008be7800000) (1024K)]
  0x00000265112c3480 WorkerThread "GC Thread#1"                     [id=14028, stack(0x0000008be8800000,0x0000008be8900000) (1024K)]
  0x00000265113b5320 WorkerThread "GC Thread#2"                     [id=23388, stack(0x0000008be9200000,0x0000008be9300000) (1024K)]
  0x00000265113b4a80 WorkerThread "GC Thread#3"                     [id=11560, stack(0x0000008be9300000,0x0000008be9400000) (1024K)]
  0x0000026511fbfaa0 WorkerThread "GC Thread#4"                     [id=19108, stack(0x0000008be9400000,0x0000008be9500000) (1024K)]
  0x0000026511fbcf80 WorkerThread "GC Thread#5"                     [id=1232, stack(0x0000008be9500000,0x0000008be9600000) (1024K)]
  0x0000026511fbf650 WorkerThread "GC Thread#6"                     [id=15148, stack(0x0000008be9600000,0x0000008be9700000) (1024K)]
  0x0000026511fbe510 WorkerThread "GC Thread#7"                     [id=10140, stack(0x0000008be9800000,0x0000008be9900000) (1024K)]
  0x000002657cf5e940 ConcurrentGCThread "G1 Main Marker"            [id=9504, stack(0x0000008be7800000,0x0000008be7900000) (1024K)]
  0x000002657cf5fc60 WorkerThread "G1 Conc#0"                       [id=15888, stack(0x0000008be7900000,0x0000008be7a00000) (1024K)]
  0x00000265113b5bc0 WorkerThread "G1 Conc#1"                       [id=21300, stack(0x0000008be8900000,0x0000008be8a00000) (1024K)]
  0x000002657cf9e910 WorkerThread "G1 Refinement Workers#0"         [id=7448, stack(0x0000008be7b00000,0x0000008be7c00000) (1024K)]
  0x000002657cf9be40 ConcurrentGCThread "G1 Refine Control"         [id=16744, stack(0x0000008be7a00000,0x0000008be7b00000) (1024K)]
  0x000002657ac36510 ConcurrentGCThread "G1 Service"                [id=9868, stack(0x0000008be7c00000,0x0000008be7d00000) (1024K)]
Total: 16

Threads with active compile tasks:
Total: 0

VM state: at safepoint (normal execution)

VM Mutex/Monitor currently owned by a thread:  ([mutex/lock_event])
[0x00007ffa07c0ed08] Threads_lock - owner thread: 0x000002650cdcd500
[0x00007ffa07c0ef88] Heap_lock - owner thread: 0x00000265142ea5d0

Heap address: 0x00000000c3000000, size: 976 MB, Compressed Oops mode: 32-bit

CDS archive(s) mapped at: [0x0000000018000000-0x0000000018de0000-0x0000000018de0000), size 14548992, SharedBaseAddress: 0x0000000018000000, ArchiveRelocationMode: 1.
Compressed class space mapped at: 0x0000000019000000-0x0000000059000000, reserved size: 1073741824
UseCompressedClassPointers 1, UseCompactObjectHeaders 0
Narrow klass pointer bits 32, Max shift 3
Narrow klass base: 0x0000000018000000, Narrow klass shift: 0
Encoding Range: [0x0000000018000000 - 0x0000000118000000), (4294967296 bytes)
Klass Range:    [0x0000000018000000 - 0x0000000059000000), (1090519040 bytes)
Klass ID Range:  [8 - 1090519033) (1090519025)
Protection zone: [0x0000000018000000 - 0x0000000018010000), (65536 bytes)

GC Precious Log:
 CardTable entry size: 512
 Card Set container configuration: InlinePtr #cards 5 size 8 Array Of Cards #cards 10 size 36 Howl #buckets 4 coarsen threshold 1843 Howl Bitmap #cards 512 size 80 coarsen threshold 460 Card regions per heap region 1 cards per card region 2048
 CPUs: 8 total, 8 available
 Memory: 3899M
 Large Page Support: Disabled
 NUMA Support: Disabled
 Compressed Oops: Enabled (32-bit)
 Heap Region Size: 1M
 Heap Min Capacity: 8M
 Heap Initial Capacity: 8M
 Heap Max Capacity: 976M
 Pre-touch: Disabled
 Parallel Workers: 8
 Concurrent Workers: 2
 Concurrent Refinement Workers: 8
 Periodic GC: Disabled

Heap:
 garbage-first heap   total reserved 999424K, committed 113664K, used 91216K [0x00000000c3000000, 0x0000000100000000)
  region size 1M, 48 eden (48M), 5 survivor (5M), 39 old (39M), 2 humongous (2M), 17 free (17M)

Heap Regions: E=young(eden), S=young(survivor), O=old, HS=humongous(starts), HC=humongous(continues), CS=collection set, F=free, TAMS=top-at-mark-start, PB=parsable bottom
|    0|0x00000000c3000000, 0x00000000c3100000, 0x00000000c3100000|100%|HS|  |TAMS 0x00000000c3000000| PB 0x00000000c3000000| Complete  |  0
|    1|0x00000000c3100000, 0x00000000c3200000, 0x00000000c3200000|100%| O|  |TAMS 0x00000000c3100000| PB 0x00000000c3100000| Untracked |  0
|    2|0x00000000c3200000, 0x00000000c32fffd8, 0x00000000c3300000| 99%| O|  |TAMS 0x00000000c3200000| PB 0x00000000c3200000| Untracked |  0
|    3|0x00000000c3300000, 0x00000000c3400000, 0x00000000c3400000|100%| O|  |TAMS 0x00000000c3300000| PB 0x00000000c3300000| Untracked |  0
|    4|0x00000000c3400000, 0x00000000c3500000, 0x00000000c3500000|100%| O|  |TAMS 0x00000000c3400000| PB 0x00000000c3400000| Untracked |  0
|    5|0x00000000c3500000, 0x00000000c35ffff8, 0x00000000c3600000| 99%| O|  |TAMS 0x00000000c3500000| PB 0x00000000c3500000| Untracked |  0
|    6|0x00000000c3600000, 0x00000000c3700000, 0x00000000c3700000|100%|HS|  |TAMS 0x00000000c3600000| PB 0x00000000c3600000| Complete  |  0
|    7|0x00000000c3700000, 0x00000000c37ffca8, 0x00000000c3800000| 99%| O|  |TAMS 0x00000000c3700000| PB 0x00000000c3700000| Untracked |  0
|    8|0x00000000c3800000, 0x00000000c38fffc8, 0x00000000c3900000| 99%| O|  |TAMS 0x00000000c3800000| PB 0x00000000c3800000| Untracked |  0
|    9|0x00000000c3900000, 0x00000000c39fffc8, 0x00000000c3a00000| 99%| O|  |TAMS 0x00000000c3900000| PB 0x00000000c3900000| Untracked |  0
|   10|0x00000000c3a00000, 0x00000000c3affff8, 0x00000000c3b00000| 99%| O|  |TAMS 0x00000000c3a00000| PB 0x00000000c3a00000| Untracked |  0
|   11|0x00000000c3b00000, 0x00000000c3bf6838, 0x00000000c3c00000| 96%| O|  |TAMS 0x00000000c3b00000| PB 0x00000000c3b00000| Untracked |  0
|   12|0x00000000c3c00000, 0x00000000c3cffff0, 0x00000000c3d00000| 99%| O|  |TAMS 0x00000000c3c00000| PB 0x00000000c3c00000| Untracked |  0
|   13|0x00000000c3d00000, 0x00000000c3dffff8, 0x00000000c3e00000| 99%| O|  |TAMS 0x00000000c3d00000| PB 0x00000000c3d00000| Untracked |  0
|   14|0x00000000c3e00000, 0x00000000c3efffe8, 0x00000000c3f00000| 99%| O|  |TAMS 0x00000000c3e00000| PB 0x00000000c3e00000| Untracked |  0
|   15|0x00000000c3f00000, 0x00000000c3fffff0, 0x00000000c4000000| 99%| O|  |TAMS 0x00000000c3f00000| PB 0x00000000c3f00000| Untracked |  0
|   16|0x00000000c4000000, 0x00000000c4100000, 0x00000000c4100000|100%| O|  |TAMS 0x00000000c4000000| PB 0x00000000c4000000| Untracked |  0
|   17|0x00000000c4100000, 0x00000000c4200000, 0x00000000c4200000|100%| O|  |TAMS 0x00000000c4100000| PB 0x00000000c4100000| Untracked |  0
|   18|0x00000000c4200000, 0x00000000c42fffb8, 0x00000000c4300000| 99%| O|  |TAMS 0x00000000c4200000| PB 0x00000000c4200000| Untracked |  0
|   19|0x00000000c4300000, 0x00000000c43fffc8, 0x00000000c4400000| 99%| O|  |TAMS 0x00000000c4300000| PB 0x00000000c4300000| Untracked |  0
|   20|0x00000000c4400000, 0x00000000c44ffff8, 0x00000000c4500000| 99%| O|  |TAMS 0x00000000c4400000| PB 0x00000000c4400000| Untracked |  0
|   21|0x00000000c4500000, 0x00000000c45fffd0, 0x00000000c4600000| 99%| O|  |TAMS 0x00000000c4500000| PB 0x00000000c4500000| Untracked |  0
|   22|0x00000000c4600000, 0x00000000c46ffff0, 0x00000000c4700000| 99%| O|  |TAMS 0x00000000c4600000| PB 0x00000000c4600000| Untracked |  0
|   23|0x00000000c4700000, 0x00000000c4800000, 0x00000000c4800000|100%| O|  |TAMS 0x00000000c4700000| PB 0x00000000c4700000| Untracked |  0
|   24|0x00000000c4800000, 0x00000000c4900000, 0x00000000c4900000|100%| O|  |TAMS 0x00000000c4800000| PB 0x00000000c4800000| Untracked |  0
|   25|0x00000000c4900000, 0x00000000c49ffff8, 0x00000000c4a00000| 99%| O|  |TAMS 0x00000000c4900000| PB 0x00000000c4900000| Untracked |  0
|   26|0x00000000c4a00000, 0x00000000c4b00000, 0x00000000c4b00000|100%| O|  |TAMS 0x00000000c4a00000| PB 0x00000000c4a00000| Untracked |  0
|   27|0x00000000c4b00000, 0x00000000c4bf87a8, 0x00000000c4c00000| 97%| O|  |TAMS 0x00000000c4b00000| PB 0x00000000c4b00000| Untracked |  0
|   28|0x00000000c4c00000, 0x00000000c4cfffa0, 0x00000000c4d00000| 99%| O|  |TAMS 0x00000000c4c00000| PB 0x00000000c4c00000| Untracked |  0
|   29|0x00000000c4d00000, 0x00000000c4e00000, 0x00000000c4e00000|100%| O|  |TAMS 0x00000000c4d00000| PB 0x00000000c4d00000| Untracked |  0
|   30|0x00000000c4e00000, 0x00000000c4e7f300, 0x00000000c4f00000| 49%| O|  |TAMS 0x00000000c4e00000| PB 0x00000000c4e00000| Untracked |  0
|   31|0x00000000c4f00000, 0x00000000c4faea28, 0x00000000c5000000| 68%| O|  |TAMS 0x00000000c4f00000| PB 0x00000000c4f00000| Untracked |  0
|   32|0x00000000c5000000, 0x00000000c50ffff0, 0x00000000c5100000| 99%| O|  |TAMS 0x00000000c5000000| PB 0x00000000c5000000| Untracked |  0
|   33|0x00000000c5100000, 0x00000000c5100000, 0x00000000c5200000|  0%| F|  |TAMS 0x00000000c5100000| PB 0x00000000c5100000| Untracked |  0
|   34|0x00000000c5200000, 0x00000000c5245988, 0x00000000c5300000| 27%| O|  |TAMS 0x00000000c5200000| PB 0x00000000c5200000| Untracked |  0
|   35|0x00000000c5300000, 0x00000000c5400000, 0x00000000c5400000|100%| O|  |TAMS 0x00000000c5300000| PB 0x00000000c5300000| Untracked |  0
|   36|0x00000000c5400000, 0x00000000c5500000, 0x00000000c5500000|100%| O|  |TAMS 0x00000000c5400000| PB 0x00000000c5400000| Untracked |  0
|   37|0x00000000c5500000, 0x00000000c5530088, 0x00000000c5600000| 18%| O|  |TAMS 0x00000000c5500000| PB 0x00000000c5500000| Untracked |  0
|   38|0x00000000c5600000, 0x00000000c5700000, 0x00000000c5700000|100%| O|  |TAMS 0x00000000c5600000| PB 0x00000000c5600000| Untracked |  0
|   39|0x00000000c5700000, 0x00000000c5800000, 0x00000000c5800000|100%| O|  |TAMS 0x00000000c5700000| PB 0x00000000c5700000| Untracked |  0
|   40|0x00000000c5800000, 0x00000000c5800000, 0x00000000c5900000|  0%| F|  |TAMS 0x00000000c5800000| PB 0x00000000c5800000| Untracked |  0
|   41|0x00000000c5900000, 0x00000000c5a00000, 0x00000000c5a00000|100%| O|  |TAMS 0x00000000c5900000| PB 0x00000000c5900000| Untracked |  0
|   42|0x00000000c5a00000, 0x00000000c5a58480, 0x00000000c5b00000| 34%| O|  |TAMS 0x00000000c5a00000| PB 0x00000000c5a00000| Untracked |  0
|   43|0x00000000c5b00000, 0x00000000c5b00000, 0x00000000c5c00000|  0%| F|  |TAMS 0x00000000c5b00000| PB 0x00000000c5b00000| Untracked |  0
|   44|0x00000000c5c00000, 0x00000000c5c00000, 0x00000000c5d00000|  0%| F|  |TAMS 0x00000000c5c00000| PB 0x00000000c5c00000| Untracked |  0
|   45|0x00000000c5d00000, 0x00000000c5d00000, 0x00000000c5e00000|  0%| F|  |TAMS 0x00000000c5d00000| PB 0x00000000c5d00000| Untracked |  0
|   46|0x00000000c5e00000, 0x00000000c5e29c38, 0x00000000c5f00000| 16%| S|CS|TAMS 0x00000000c5e00000| PB 0x00000000c5e00000| Complete  |  0
|   47|0x00000000c5f00000, 0x00000000c6000000, 0x00000000c6000000|100%| S|CS|TAMS 0x00000000c5f00000| PB 0x00000000c5f00000| Complete  |  0
|   48|0x00000000c6000000, 0x00000000c6000000, 0x00000000c6100000|  0%| F|  |TAMS 0x00000000c6000000| PB 0x00000000c6000000| Untracked |  0
|   49|0x00000000c6100000, 0x00000000c6100000, 0x00000000c6200000|  0%| F|  |TAMS 0x00000000c6100000| PB 0x00000000c6100000| Untracked |  0
|   50|0x00000000c6200000, 0x00000000c6200000, 0x00000000c6300000|  0%| F|  |TAMS 0x00000000c6200000| PB 0x00000000c6200000| Untracked |  0
|   51|0x00000000c6300000, 0x00000000c6300000, 0x00000000c6400000|  0%| F|  |TAMS 0x00000000c6300000| PB 0x00000000c6300000| Untracked |  0
|   52|0x00000000c6400000, 0x00000000c6400000, 0x00000000c6500000|  0%| F|  |TAMS 0x00000000c6400000| PB 0x00000000c6400000| Untracked |  0
|   53|0x00000000c6500000, 0x00000000c6500000, 0x00000000c6600000|  0%| F|  |TAMS 0x00000000c6500000| PB 0x00000000c6500000| Untracked |  0
|   54|0x00000000c6600000, 0x00000000c6600000, 0x00000000c6700000|  0%| F|  |TAMS 0x00000000c6600000| PB 0x00000000c6600000| Untracked |  0
|   55|0x00000000c6700000, 0x00000000c6800000, 0x00000000c6800000|100%| S|CS|TAMS 0x00000000c6700000| PB 0x00000000c6700000| Complete  |  0
|   56|0x00000000c6800000, 0x00000000c6900000, 0x00000000c6900000|100%| S|CS|TAMS 0x00000000c6800000| PB 0x00000000c6800000| Complete  |  0
|   57|0x00000000c6900000, 0x00000000c6a00000, 0x00000000c6a00000|100%| S|CS|TAMS 0x00000000c6900000| PB 0x00000000c6900000| Complete  |  0
|   58|0x00000000c6a00000, 0x00000000c6a00000, 0x00000000c6b00000|  0%| F|  |TAMS 0x00000000c6a00000| PB 0x00000000c6a00000| Untracked |  0
|   59|0x00000000c6b00000, 0x00000000c6b00000, 0x00000000c6c00000|  0%| F|  |TAMS 0x00000000c6b00000| PB 0x00000000c6b00000| Untracked |  0
|   60|0x00000000c6c00000, 0x00000000c6c00000, 0x00000000c6d00000|  0%| F|  |TAMS 0x00000000c6c00000| PB 0x00000000c6c00000| Untracked |  0
|   61|0x00000000c6d00000, 0x00000000c6d00000, 0x00000000c6e00000|  0%| F|  |TAMS 0x00000000c6d00000| PB 0x00000000c6d00000| Untracked |  0
|   62|0x00000000c6e00000, 0x00000000c6e00000, 0x00000000c6f00000|  0%| F|  |TAMS 0x00000000c6e00000| PB 0x00000000c6e00000| Untracked |  0
|   63|0x00000000c6f00000, 0x00000000c6fb4300, 0x00000000c7000000| 70%| E|CS|TAMS 0x00000000c6f00000| PB 0x00000000c6f00000| Complete  |  0
|   64|0x00000000c7000000, 0x00000000c7100000, 0x00000000c7100000|100%| E|CS|TAMS 0x00000000c7000000| PB 0x00000000c7000000| Complete  |  0
|   65|0x00000000c7100000, 0x00000000c7200000, 0x00000000c7200000|100%| E|CS|TAMS 0x00000000c7100000| PB 0x00000000c7100000| Complete  |  0
|   66|0x00000000c7200000, 0x00000000c7300000, 0x00000000c7300000|100%| E|CS|TAMS 0x00000000c7200000| PB 0x00000000c7200000| Complete  |  0
|   67|0x00000000c7300000, 0x00000000c7400000, 0x00000000c7400000|100%| E|CS|TAMS 0x00000000c7300000| PB 0x00000000c7300000| Complete  |  0
|   68|0x00000000c7400000, 0x00000000c7500000, 0x00000000c7500000|100%| E|CS|TAMS 0x00000000c7400000| PB 0x00000000c7400000| Complete  |  0
|   69|0x00000000c7500000, 0x00000000c7600000, 0x00000000c7600000|100%| E|CS|TAMS 0x00000000c7500000| PB 0x00000000c7500000| Complete  |  0
|   70|0x00000000c7600000, 0x00000000c7700000, 0x00000000c7700000|100%| E|CS|TAMS 0x00000000c7600000| PB 0x00000000c7600000| Complete  |  0
|   71|0x00000000c7700000, 0x00000000c7800000, 0x00000000c7800000|100%| E|CS|TAMS 0x00000000c7700000| PB 0x00000000c7700000| Complete  |  0
|   72|0x00000000c7800000, 0x00000000c7900000, 0x00000000c7900000|100%| E|CS|TAMS 0x00000000c7800000| PB 0x00000000c7800000| Complete  |  0
|   73|0x00000000c7900000, 0x00000000c7a00000, 0x00000000c7a00000|100%| E|CS|TAMS 0x00000000c7900000| PB 0x00000000c7900000| Complete  |  0
|   74|0x00000000c7a00000, 0x00000000c7b00000, 0x00000000c7b00000|100%| E|CS|TAMS 0x00000000c7a00000| PB 0x00000000c7a00000| Complete  |  0
|   75|0x00000000c7b00000, 0x00000000c7c00000, 0x00000000c7c00000|100%| E|CS|TAMS 0x00000000c7b00000| PB 0x00000000c7b00000| Complete  |  0
|   76|0x00000000c7c00000, 0x00000000c7d00000, 0x00000000c7d00000|100%| E|CS|TAMS 0x00000000c7c00000| PB 0x00000000c7c00000| Complete  |  0
|   77|0x00000000c7d00000, 0x00000000c7e00000, 0x00000000c7e00000|100%| E|CS|TAMS 0x00000000c7d00000| PB 0x00000000c7d00000| Complete  |  0
|   78|0x00000000c7e00000, 0x00000000c7f00000, 0x00000000c7f00000|100%| E|CS|TAMS 0x00000000c7e00000| PB 0x00000000c7e00000| Complete  |  0
|   79|0x00000000c7f00000, 0x00000000c8000000, 0x00000000c8000000|100%| E|CS|TAMS 0x00000000c7f00000| PB 0x00000000c7f00000| Complete  |  0
|   80|0x00000000c8000000, 0x00000000c8100000, 0x00000000c8100000|100%| E|CS|TAMS 0x00000000c8000000| PB 0x00000000c8000000| Complete  |  0
|   81|0x00000000c8100000, 0x00000000c8200000, 0x00000000c8200000|100%| E|CS|TAMS 0x00000000c8100000| PB 0x00000000c8100000| Complete  |  0
|   82|0x00000000c8200000, 0x00000000c8300000, 0x00000000c8300000|100%| E|CS|TAMS 0x00000000c8200000| PB 0x00000000c8200000| Complete  |  0
|   83|0x00000000c8300000, 0x00000000c8400000, 0x00000000c8400000|100%| E|CS|TAMS 0x00000000c8300000| PB 0x00000000c8300000| Complete  |  0
|   84|0x00000000c8400000, 0x00000000c8500000, 0x00000000c8500000|100%| E|CS|TAMS 0x00000000c8400000| PB 0x00000000c8400000| Complete  |  0
|   85|0x00000000c8500000, 0x00000000c8600000, 0x00000000c8600000|100%| E|CS|TAMS 0x00000000c8500000| PB 0x00000000c8500000| Complete  |  0
|   86|0x00000000c8600000, 0x00000000c8700000, 0x00000000c8700000|100%| E|CS|TAMS 0x00000000c8600000| PB 0x00000000c8600000| Complete  |  0
|   87|0x00000000c8700000, 0x00000000c8800000, 0x00000000c8800000|100%| E|CS|TAMS 0x00000000c8700000| PB 0x00000000c8700000| Complete  |  0
|   88|0x00000000c8800000, 0x00000000c8900000, 0x00000000c8900000|100%| E|CS|TAMS 0x00000000c8800000| PB 0x00000000c8800000| Complete  |  0
|   89|0x00000000c8900000, 0x00000000c8a00000, 0x00000000c8a00000|100%| E|CS|TAMS 0x00000000c8900000| PB 0x00000000c8900000| Complete  |  0
|   90|0x00000000c8a00000, 0x00000000c8b00000, 0x00000000c8b00000|100%| E|CS|TAMS 0x00000000c8a00000| PB 0x00000000c8a00000| Complete  |  0
|   91|0x00000000c8b00000, 0x00000000c8c00000, 0x00000000c8c00000|100%| E|CS|TAMS 0x00000000c8b00000| PB 0x00000000c8b00000| Complete  |  0
|   92|0x00000000c8c00000, 0x00000000c8d00000, 0x00000000c8d00000|100%| E|CS|TAMS 0x00000000c8c00000| PB 0x00000000c8c00000| Complete  |  0
|   93|0x00000000c8d00000, 0x00000000c8e00000, 0x00000000c8e00000|100%| E|CS|TAMS 0x00000000c8d00000| PB 0x00000000c8d00000| Complete  |  0
|   94|0x00000000c8e00000, 0x00000000c8f00000, 0x00000000c8f00000|100%| E|CS|TAMS 0x00000000c8e00000| PB 0x00000000c8e00000| Complete  |  0
|   95|0x00000000c8f00000, 0x00000000c9000000, 0x00000000c9000000|100%| E|CS|TAMS 0x00000000c8f00000| PB 0x00000000c8f00000| Complete  |  0
|   96|0x00000000c9000000, 0x00000000c9100000, 0x00000000c9100000|100%| E|CS|TAMS 0x00000000c9000000| PB 0x00000000c9000000| Complete  |  0
|   97|0x00000000c9100000, 0x00000000c9200000, 0x00000000c9200000|100%| E|CS|TAMS 0x00000000c9100000| PB 0x00000000c9100000| Complete  |  0
|   98|0x00000000c9200000, 0x00000000c9300000, 0x00000000c9300000|100%| E|CS|TAMS 0x00000000c9200000| PB 0x00000000c9200000| Complete  |  0
|   99|0x00000000c9300000, 0x00000000c9400000, 0x00000000c9400000|100%| E|CS|TAMS 0x00000000c9300000| PB 0x00000000c9300000| Complete  |  0
|  100|0x00000000c9400000, 0x00000000c9500000, 0x00000000c9500000|100%| E|CS|TAMS 0x00000000c9400000| PB 0x00000000c9400000| Complete  |  0
|  101|0x00000000c9500000, 0x00000000c9600000, 0x00000000c9600000|100%| E|CS|TAMS 0x00000000c9500000| PB 0x00000000c9500000| Complete  |  0
|  102|0x00000000c9600000, 0x00000000c9700000, 0x00000000c9700000|100%| E|CS|TAMS 0x00000000c9600000| PB 0x00000000c9600000| Complete  |  0
|  103|0x00000000c9700000, 0x00000000c9800000, 0x00000000c9800000|100%| E|CS|TAMS 0x00000000c9700000| PB 0x00000000c9700000| Complete  |  0
|  104|0x00000000c9800000, 0x00000000c9900000, 0x00000000c9900000|100%| E|CS|TAMS 0x00000000c9800000| PB 0x00000000c9800000| Complete  |  0
|  105|0x00000000c9900000, 0x00000000c9a00000, 0x00000000c9a00000|100%| E|CS|TAMS 0x00000000c9900000| PB 0x00000000c9900000| Complete  |  0
|  106|0x00000000c9a00000, 0x00000000c9b00000, 0x00000000c9b00000|100%| E|CS|TAMS 0x00000000c9a00000| PB 0x00000000c9a00000| Complete  |  0
|  972|0x00000000ffc00000, 0x00000000ffd00000, 0x00000000ffd00000|100%| E|CS|TAMS 0x00000000ffc00000| PB 0x00000000ffc00000| Complete  |  0
|  973|0x00000000ffd00000, 0x00000000ffe00000, 0x00000000ffe00000|100%| E|CS|TAMS 0x00000000ffd00000| PB 0x00000000ffd00000| Complete  |  0
|  974|0x00000000ffe00000, 0x00000000fff00000, 0x00000000fff00000|100%| E|CS|TAMS 0x00000000ffe00000| PB 0x00000000ffe00000| Complete  |  0
|  975|0x00000000fff00000, 0x0000000100000000, 0x0000000100000000|100%| E|CS|TAMS 0x00000000fff00000| PB 0x00000000fff00000| Complete  |  0

Card table byte_map: [0x00000265092f0000,0x00000265094e0000] _byte_map_base: 0x0000026508cd8000
Refinement table byte_map: [0x0000026509100000,0x00000265092f0000] _byte_map_base: 0x0000026508ae8000

Marking Bits: (CMBitMap*) 0x000002657cf43080
 Bits: [0x00000265094e0000, 0x000002650a420000)

Polling page: 0x000002657add0000

Metaspace:
Metaspace        used 82746K, committed 83392K, reserved 1179648K
 class space     used 12314K, committed 12608K, reserved 1048576K

Usage:
  Non-class:     68.78 MB used.
      Class:     12.03 MB used.
       Both:     80.81 MB used.

Virtual space:
  Non-class space:      128.00 MB reserved,      69.12 MB ( 54%) committed,  2 nodes.
      Class space:        1.00 GB reserved,      12.31 MB (  1%) committed,  1 nodes.
             Both:        1.12 GB reserved,      81.44 MB (  7%) committed. 

Chunk freelists:
   Non-Class:  10.15 MB
       Class:  3.70 MB
        Both:  13.85 MB

MaxMetaspaceSize: unlimited
CompressedClassSpaceSize: 1.00 GB
Initial GC threshold: 21.00 MB
Current GC threshold: 134.06 MB
CDS: on
 - commit_granule_bytes: 65536.
 - commit_granule_words: 8192.
 - virtual_space_node_default_size: 8388608.
 - enlarge_chunks_in_place: 1.
UseCompressedClassPointers 1, UseCompactObjectHeaders 0
Narrow klass pointer bits 32, Max shift 3
Narrow klass base: 0x0000000018000000, Narrow klass shift: 0
Encoding Range: [0x0000000018000000 - 0x0000000118000000), (4294967296 bytes)
Klass Range:    [0x0000000018000000 - 0x0000000059000000), (1090519040 bytes)
Klass ID Range:  [8 - 1090519033) (1090519025)
Protection zone: [0x0000000018000000 - 0x0000000018010000), (65536 bytes)


Internal statistics:

num_allocs_failed_limit: 15.
num_arena_births: 1054.
num_arena_deaths: 302.
num_vsnodes_births: 3.
num_vsnodes_deaths: 0.
num_space_committed: 1303.
num_space_uncommitted: 0.
num_chunks_returned_to_freelist: 329.
num_chunks_taken_from_freelist: 4193.
num_chunk_merges: 73.
num_chunk_splits: 2972.
num_chunks_enlarged: 2436.
num_inconsistent_stats: 0.

CodeCache: size=49152Kb used=10249Kb max_used=10578Kb free=38903Kb
 bounds [0x000002657cfc0000, 0x000002657da80000, 0x000002657ffc0000]
 total_blobs=8577, nmethods=7828, adapters=673, full_count=0
Compilation: enabled, stopped_count=0, restarted_count=0

Compilation events (20 events):
Event: 858.875 Thread 0x000002650cdefe40 8821   !   1       org.springframework.beans.factory.support.DefaultSingletonBeanRegistry::destroyBean (349 bytes)
Event: 858.906 Thread 0x000002650cdefe40 nmethod 8821 0x000002657da0cc08 code [0x000002657da0cd00, 0x000002657da0dab0]
Event: 859.015 Thread 0x000002650cdefe40 8822   !   1       org.hibernate.internal.util.collections.BoundedConcurrentHashMap$Segment::clear (60 bytes)
Event: 859.024 Thread 0x000002650cdefe40 nmethod 8822 0x000002657da0c708 code [0x000002657da0c800, 0x000002657da0cbd0]
Event: 859.073 Thread 0x000002650cdefe40 8823       1       ch.qos.logback.classic.Level::toString (5 bytes)
Event: 859.075 Thread 0x000002650cdefe40 nmethod 8823 0x000002657da0c408 code [0x000002657da0c500, 0x000002657da0c5b8]
Event: 859.120 Thread 0x000002650cdefe40 8824   !   1       java.nio.charset.CharsetEncoder::encode (273 bytes)
Event: 859.161 Thread 0x000002650cdefe40 nmethod 8824 0x000002657da0bd08 code [0x000002657da0be00, 0x000002657da0c3d0]
Event: 859.328 Thread 0x000002650cdefe40 8825       1       org.apache.catalina.core.StandardContext::getInstanceManager (5 bytes)
Event: 859.335 Thread 0x000002650cdefe40 nmethod 8825 0x000002657da0ba08 code [0x000002657da0bb00, 0x000002657da0bbb8]
Event: 860.143 Thread 0x000002650cdefe40 8826       1       java.io.ObjectStreamField::getOffset (5 bytes)
Event: 860.144 Thread 0x000002650cdefe40 nmethod 8826 0x000002657da0b708 code [0x000002657da0b800, 0x000002657da0b8b8]
Event: 860.755 Thread 0x000002650cdefe40 8827       1       org.apache.catalina.loader.WebappLoader::getClassLoader (5 bytes)
Event: 860.763 Thread 0x000002650cdefe40 nmethod 8827 0x000002657da0b408 code [0x000002657da0b500, 0x000002657da0b5b8]
Event: 860.890 Thread 0x000002650cdefe40 8828       1       java.lang.Thread::isTerminated (16 bytes)
Event: 860.897 Thread 0x000002650cdefe40 nmethod 8828 0x000002657da0b108 code [0x000002657da0b200, 0x000002657da0b300]
Event: 860.897 Thread 0x000002650cdefe40 8829       1       java.lang.Thread::getThreadGroup (30 bytes)
Event: 860.901 Thread 0x000002650cdefe40 nmethod 8829 0x000002657da0ae08 code [0x000002657da0af00, 0x000002657da0b0f0]
Event: 860.921 Thread 0x000002650cdefe40 8830       1       org.apache.catalina.ContainerEvent::getType (5 bytes)
Event: 860.922 Thread 0x000002650cdefe40 nmethod 8830 0x000002657da0ab08 code [0x000002657da0ac00, 0x000002657da0acb8]

GC Heap Usage History (20 events):
Event: 8.841 {heap After GC invocations=20 (full 0):
 garbage-first heap   total reserved 999424K, committed 113664K, used 26505K [0x00000000c3000000, 0x0000000100000000)
  region size 1M, 0 eden (0M), 8 survivor (8M), 17 old (17M), 2 humongous (2M), 84 free (84M)
}
Event: 11.132 {heap Before GC invocations=20 (full 0):
 garbage-first heap   total reserved 999424K, committed 113664K, used 78729K [0x00000000c3000000, 0x0000000100000000)
  region size 1M, 52 eden (52M), 8 survivor (8M), 17 old (17M), 2 humongous (2M), 32 free (32M)
}
Event: 11.142 {heap After GC invocations=21 (full 0):
 garbage-first heap   total reserved 999424K, committed 113664K, used 30181K [0x00000000c3000000, 0x0000000100000000)
  region size 1M, 0 eden (0M), 4 survivor (4M), 24 old (24M), 2 humongous (2M), 81 free (81M)
}
Event: 11.174 {heap Before GC invocations=21 (full 0):
 garbage-first heap   total reserved 999424K, committed 113664K, used 31205K [0x00000000c3000000, 0x0000000100000000)
  region size 1M, 2 eden (2M), 4 survivor (4M), 24 old (24M), 2 humongous (2M), 79 free (79M)
}
Event: 11.178 {heap After GC invocations=22 (full 0):
 garbage-first heap   total reserved 999424K, committed 113664K, used 30065K [0x00000000c3000000, 0x0000000100000000)
  region size 1M, 0 eden (0M), 4 survivor (4M), 24 old (24M), 2 humongous (2M), 81 free (81M)
}
Event: 13.885 {heap Before GC invocations=23 (full 0):
 garbage-first heap   total reserved 999424K, committed 113664K, used 93553K [0x00000000c3000000, 0x0000000100000000)
  region size 1M, 62 eden (62M), 4 survivor (4M), 24 old (24M), 2 humongous (2M), 19 free (19M)
}
Event: 13.894 {heap After GC invocations=24 (full 0):
 garbage-first heap   total reserved 999424K, committed 113664K, used 33701K [0x00000000c3000000, 0x0000000100000000)
  region size 1M, 0 eden (0M), 8 survivor (8M), 24 old (24M), 2 humongous (2M), 77 free (77M)
}
Event: 15.560 {heap Before GC invocations=24 (full 0):
 garbage-first heap   total reserved 999424K, committed 113664K, used 93093K [0x00000000c3000000, 0x0000000100000000)
  region size 1M, 58 eden (58M), 8 survivor (8M), 24 old (24M), 2 humongous (2M), 19 free (19M)
}
Event: 15.574 {heap After GC invocations=25 (full 0):
 garbage-first heap   total reserved 999424K, committed 113664K, used 37630K [0x00000000c3000000, 0x0000000100000000)
  region size 1M, 0 eden (0M), 8 survivor (8M), 27 old (27M), 2 humongous (2M), 74 free (74M)
}
Event: 33.586 {heap Before GC invocations=25 (full 0):
 garbage-first heap   total reserved 999424K, committed 113664K, used 78590K [0x00000000c3000000, 0x0000000100000000)
  region size 1M, 42 eden (42M), 8 survivor (8M), 27 old (27M), 2 humongous (2M), 32 free (32M)
}
Event: 33.681 {heap After GC invocations=26 (full 0):
 garbage-first heap   total reserved 999424K, committed 113664K, used 40608K [0x00000000c3000000, 0x0000000100000000)
  region size 1M, 0 eden (0M), 8 survivor (8M), 31 old (31M), 2 humongous (2M), 70 free (70M)
}
Event: 258.492 {heap Before GC invocations=27 (full 0):
 garbage-first heap   total reserved 999424K, committed 113664K, used 58016K [0x00000000c3000000, 0x0000000100000000)
  region size 1M, 18 eden (18M), 8 survivor (8M), 31 old (31M), 2 humongous (2M), 52 free (52M)
}
Event: 259.524 {heap After GC invocations=28 (full 1):
 garbage-first heap   total reserved 999424K, committed 113664K, used 33401K [0x00000000c3000000, 0x0000000100000000)
  region size 1M, 0 eden (0M), 0 survivor (0M), 34 old (34M), 2 humongous (2M), 75 free (75M)
}
Event: 264.536 {heap Before GC invocations=28 (full 1):
 garbage-first heap   total reserved 999424K, committed 113664K, used 96889K [0x00000000c3000000, 0x0000000100000000)
  region size 1M, 63 eden (63M), 0 survivor (0M), 34 old (34M), 2 humongous (2M), 12 free (12M)
}
Event: 264.591 {heap After GC invocations=29 (full 1):
 garbage-first heap   total reserved 999424K, committed 113664K, used 39775K [0x00000000c3000000, 0x0000000100000000)
  region size 1M, 0 eden (0M), 7 survivor (7M), 34 old (34M), 2 humongous (2M), 68 free (68M)
}
Event: 269.613 {heap Before GC invocations=30 (full 1):
 garbage-first heap   total reserved 999424K, committed 113664K, used 96095K [0x00000000c3000000, 0x0000000100000000)
  region size 1M, 56 eden (56M), 7 survivor (7M), 34 old (34M), 2 humongous (2M), 12 free (12M)
}
Event: 269.631 {heap After GC invocations=31 (full 1):
 garbage-first heap   total reserved 999424K, committed 113664K, used 41775K [0x00000000c3000000, 0x0000000100000000)
  region size 1M, 0 eden (0M), 8 survivor (8M), 35 old (35M), 2 humongous (2M), 66 free (66M)
}
Event: 398.896 {heap Before GC invocations=31 (full 1):
 garbage-first heap   total reserved 999424K, committed 113664K, used 96047K [0x00000000c3000000, 0x0000000100000000)
  region size 1M, 53 eden (53M), 8 survivor (8M), 35 old (35M), 2 humongous (2M), 13 free (13M)
}
Event: 399.021 {heap After GC invocations=32 (full 1):
 garbage-first heap   total reserved 999424K, committed 113664K, used 43088K [0x00000000c3000000, 0x0000000100000000)
  region size 1M, 0 eden (0M), 5 survivor (5M), 39 old (39M), 2 humongous (2M), 65 free (65M)
}
Event: 860.970 {heap Before GC invocations=32 (full 1):
 garbage-first heap   total reserved 999424K, committed 113664K, used 91216K [0x00000000c3000000, 0x0000000100000000)
  region size 1M, 48 eden (48M), 5 survivor (5M), 39 old (39M), 2 humongous (2M), 17 free (17M)
}

Metaspace Usage History (20 events):
Event: 8.841 {metaspace After GC invocations=20 (full 0):
 Metaspace       used 37143K, committed 37568K, reserved 1114112K
  class space    used 5214K, committed 5376K, reserved 1048576K
}
Event: 11.132 {metaspace Before GC invocations=20 (full 0):
 Metaspace       used 47933K, committed 48320K, reserved 1114112K
  class space    used 7014K, committed 7168K, reserved 1048576K
}
Event: 11.142 {metaspace After GC invocations=21 (full 0):
 Metaspace       used 47933K, committed 48320K, reserved 1114112K
  class space    used 7014K, committed 7168K, reserved 1048576K
}
Event: 11.174 {metaspace Before GC invocations=21 (full 0):
 Metaspace       used 48252K, committed 48640K, reserved 1114112K
  class space    used 7072K, committed 7232K, reserved 1048576K
}
Event: 11.178 {metaspace After GC invocations=22 (full 0):
 Metaspace       used 48252K, committed 48640K, reserved 1114112K
  class space    used 7072K, committed 7232K, reserved 1048576K
}
Event: 13.885 {metaspace Before GC invocations=23 (full 0):
 Metaspace       used 64990K, committed 65536K, reserved 1114112K
  class space    used 9652K, committed 9920K, reserved 1048576K
}
Event: 13.894 {metaspace After GC invocations=24 (full 0):
 Metaspace       used 64990K, committed 65536K, reserved 1114112K
  class space    used 9652K, committed 9920K, reserved 1048576K
}
Event: 15.560 {metaspace Before GC invocations=24 (full 0):
 Metaspace       used 73928K, committed 74560K, reserved 1114112K
  class space    used 10981K, committed 11264K, reserved 1048576K
}
Event: 15.574 {metaspace After GC invocations=25 (full 0):
 Metaspace       used 73928K, committed 74560K, reserved 1114112K
  class space    used 10981K, committed 11264K, reserved 1048576K
}
Event: 33.586 {metaspace Before GC invocations=25 (full 0):
 Metaspace       used 80913K, committed 81600K, reserved 1179648K
  class space    used 11991K, committed 12288K, reserved 1048576K
}
Event: 33.681 {metaspace After GC invocations=26 (full 0):
 Metaspace       used 80913K, committed 81600K, reserved 1179648K
  class space    used 11991K, committed 12288K, reserved 1048576K
}
Event: 258.493 {metaspace Before GC invocations=27 (full 0):
 Metaspace       used 81307K, committed 82048K, reserved 1179648K
  class space    used 12055K, committed 12352K, reserved 1048576K
}
Event: 259.524 {metaspace After GC invocations=28 (full 1):
 Metaspace       used 81307K, committed 82048K, reserved 1179648K
  class space    used 12055K, committed 12352K, reserved 1048576K
}
Event: 264.536 {metaspace Before GC invocations=28 (full 1):
 Metaspace       used 81617K, committed 82368K, reserved 1179648K
  class space    used 12104K, committed 12416K, reserved 1048576K
}
Event: 264.591 {metaspace After GC invocations=29 (full 1):
 Metaspace       used 81617K, committed 82368K, reserved 1179648K
  class space    used 12104K, committed 12416K, reserved 1048576K
}
Event: 269.613 {metaspace Before GC invocations=30 (full 1):
 Metaspace       used 81442K, committed 82368K, reserved 1179648K
  class space    used 12048K, committed 12416K, reserved 1048576K
}
Event: 269.631 {metaspace After GC invocations=31 (full 1):
 Metaspace       used 81442K, committed 82368K, reserved 1179648K
  class space    used 12048K, committed 12416K, reserved 1048576K
}
Event: 398.897 {metaspace Before GC invocations=31 (full 1):
 Metaspace       used 82515K, committed 83200K, reserved 1179648K
  class space    used 12281K, committed 12544K, reserved 1048576K
}
Event: 399.021 {metaspace After GC invocations=32 (full 1):
 Metaspace       used 82515K, committed 83200K, reserved 1179648K
  class space    used 12281K, committed 12544K, reserved 1048576K
}
Event: 860.972 {metaspace Before GC invocations=32 (full 1):
 Metaspace       used 82746K, committed 83392K, reserved 1179648K
  class space    used 12314K, committed 12608K, reserved 1048576K
}

Dll operation events (20 events):
Event: 0.582 Attempting to load shared library C:\Users\mir atir hussain\.jdks\openjdk-26.0.1\bin\zip.dll
Event: 0.586 Loaded shared library C:\Users\mir atir hussain\.jdks\openjdk-26.0.1\bin\zip.dll
Event: 0.593 Attempting to load shared library C:\Users\mir atir hussain\.jdks\openjdk-26.0.1\bin\instrument.dll
Event: 0.594 Loaded shared library C:\Users\mir atir hussain\.jdks\openjdk-26.0.1\bin\instrument.dll
Event: 0.607 Attempting to load shared library C:\Users\mir atir hussain\.jdks\openjdk-26.0.1\bin\net.dll
Event: 0.608 Loaded shared library C:\Users\mir atir hussain\.jdks\openjdk-26.0.1\bin\net.dll
Event: 0.613 Attempting to load shared library C:\Users\mir atir hussain\.jdks\openjdk-26.0.1\bin\nio.dll
Event: 0.615 Loaded shared library C:\Users\mir atir hussain\.jdks\openjdk-26.0.1\bin\nio.dll
Event: 0.626 Attempting to load shared library C:\Users\mir atir hussain\.jdks\openjdk-26.0.1\bin\zip.dll
Event: 0.626 Loaded shared library C:\Users\mir atir hussain\.jdks\openjdk-26.0.1\bin\zip.dll
Event: 0.708 Attempting to load shared library C:\Users\mir atir hussain\.jdks\openjdk-26.0.1\bin\jimage.dll
Event: 0.708 Loaded shared library C:\Users\mir atir hussain\.jdks\openjdk-26.0.1\bin\jimage.dll
Event: 1.077 Attempting to load shared library C:\Users\mir atir hussain\.jdks\openjdk-26.0.1\bin\extnet.dll
Event: 1.081 Loaded shared library C:\Users\mir atir hussain\.jdks\openjdk-26.0.1\bin\extnet.dll
Event: 1.138 Attempting to load shared library C:\Users\mir atir hussain\.jdks\openjdk-26.0.1\bin\management.dll
Event: 1.140 Loaded shared library C:\Users\mir atir hussain\.jdks\openjdk-26.0.1\bin\management.dll
Event: 1.177 Attempting to load shared library C:\Users\mir atir hussain\.jdks\openjdk-26.0.1\bin\management_ext.dll
Event: 1.179 Loaded shared library C:\Users\mir atir hussain\.jdks\openjdk-26.0.1\bin\management_ext.dll
Event: 5.305 Attempting to load shared library C:\Users\mir atir hussain\.jdks\openjdk-26.0.1\bin\sunmscapi.dll
Event: 5.310 Loaded shared library C:\Users\mir atir hussain\.jdks\openjdk-26.0.1\bin\sunmscapi.dll

Deoptimization events (6 events):
Event: 3.454 Thread 0x000002651221d730 DEOPT PACKING pc=0x000002657d326d2c sp=0x0000008be97fc440
Event: 3.454 Thread 0x000002651221d730 DEOPT UNPACKING pc=0x000002657d011a02 sp=0x0000008be97fb938 mode 0
Event: 47.769 Thread 0x0000026511bf7820 DEOPT PACKING pc=0x000002657d94d2dc sp=0x0000008be8efebe0
Event: 47.769 Thread 0x0000026511bf9000 DEOPT PACKING pc=0x000002657d94d2dc sp=0x0000008be8dff280
Event: 47.775 Thread 0x0000026511bf9000 DEOPT UNPACKING pc=0x000002657d011a02 sp=0x0000008be8dfe718 mode 0
Event: 47.776 Thread 0x0000026511bf7820 DEOPT UNPACKING pc=0x000002657d011a02 sp=0x0000008be8efe078 mode 0

Classes loaded (20 events):
Event: 521.421 Loading class java/util/function/IntBinaryOperator
Event: 521.428 Loading class java/util/function/IntBinaryOperator done
Event: 521.440 Loading class java/util/stream/ReduceOps$7
Event: 521.450 Loading class java/util/stream/ReduceOps$7 done
Event: 521.452 Loading class java/util/stream/ReduceOps$6ReducingSink
Event: 521.457 Loading class java/util/stream/ReduceOps$6ReducingSink done
Event: 521.458 Loading class java/util/stream/ReferencePipeline$4$1
Event: 521.459 Loading class java/util/stream/ReferencePipeline$4$1 done
Event: 860.278 Loading class sun/util/locale/LocaleExtensions
Event: 860.420 Loading class sun/util/locale/LocaleExtensions done
Event: 860.442 Loading class java/util/Locale$FilteringMode
Event: 860.472 Loading class java/util/Locale$FilteringMode done
Event: 860.509 Loading class java/util/Locale$IsoCountryCode
Event: 860.530 Loading class java/util/Locale$IsoCountryCode done
Event: 860.545 Loading class java/io/ObjectOutputStream$PutFieldImpl
Event: 860.682 Loading class java/io/ObjectOutputStream$PutField
Event: 860.691 Loading class java/io/ObjectOutputStream$PutField done
Event: 860.692 Loading class java/io/ObjectOutputStream$PutFieldImpl done
Event: 860.709 Loading class java/io/FileOutputStream$1
Event: 860.716 Loading class java/io/FileOutputStream$1 done

Classes unloaded (20 events):
Event: 264.687 Thread 0x000002650cdcd500 Unloading class 0x00000000190e6000 'java/lang/invoke/LambdaForm$BMH+0x00000000190e6000'
Event: 264.687 Thread 0x000002650cdcd500 Unloading class 0x00000000190e5000 'java/lang/invoke/LambdaForm$MH+0x00000000190e5000'
Event: 264.687 Thread 0x000002650cdcd500 Unloading class 0x00000000190e4c00 'java/lang/invoke/LambdaForm$MH+0x00000000190e4c00'
Event: 264.687 Thread 0x000002650cdcd500 Unloading class 0x00000000190e4400 'java/lang/invoke/LambdaForm$MH+0x00000000190e4400'
Event: 264.687 Thread 0x000002650cdcd500 Unloading class 0x00000000190e2800 'java/lang/invoke/LambdaForm$MH+0x00000000190e2800'
Event: 264.687 Thread 0x000002650cdcd500 Unloading class 0x00000000190e2000 'java/lang/invoke/LambdaForm$MH+0x00000000190e2000'
Event: 264.687 Thread 0x000002650cdcd500 Unloading class 0x00000000190e1c00 'java/lang/invoke/LambdaForm$MH+0x00000000190e1c00'
Event: 264.687 Thread 0x000002650cdcd500 Unloading class 0x00000000190e1800 'java/lang/invoke/LambdaForm$MH+0x00000000190e1800'
Event: 264.687 Thread 0x000002650cdcd500 Unloading class 0x00000000190e1400 'java/lang/invoke/LambdaForm$MH+0x00000000190e1400'
Event: 264.687 Thread 0x000002650cdcd500 Unloading class 0x00000000190e1000 'java/lang/invoke/LambdaForm$MH+0x00000000190e1000'
Event: 264.687 Thread 0x000002650cdcd500 Unloading class 0x00000000190e0c00 'java/lang/invoke/LambdaForm$MH+0x00000000190e0c00'
Event: 264.687 Thread 0x000002650cdcd500 Unloading class 0x00000000190e0800 'java/lang/invoke/LambdaForm$BMH+0x00000000190e0800'
Event: 264.687 Thread 0x000002650cdcd500 Unloading class 0x0000000019045c00 'java/lang/invoke/LambdaForm$DMH+0x0000000019045c00'
Event: 264.687 Thread 0x000002650cdcd500 Unloading class 0x0000000019045400 'java/lang/invoke/LambdaForm$DMH+0x0000000019045400'
Event: 264.687 Thread 0x000002650cdcd500 Unloading class 0x0000000019045000 'java/lang/invoke/LambdaForm$DMH+0x0000000019045000'
Event: 264.687 Thread 0x000002650cdcd500 Unloading class 0x0000000019044c00 'java/lang/invoke/LambdaForm$DMH+0x0000000019044c00'
Event: 264.687 Thread 0x000002650cdcd500 Unloading class 0x0000000019042400 'java/lang/invoke/LambdaForm$MH+0x0000000019042400'
Event: 264.687 Thread 0x000002650cdcd500 Unloading class 0x0000000019042000 'java/lang/invoke/LambdaForm$MH+0x0000000019042000'
Event: 264.687 Thread 0x000002650cdcd500 Unloading class 0x0000000019041c00 'java/lang/invoke/LambdaForm$MH+0x0000000019041c00'
Event: 264.687 Thread 0x000002650cdcd500 Unloading class 0x0000000019041000 'java/lang/invoke/LambdaForm$MH+0x0000000019041000'

Classes redefined (0 events):
No events

Internal exceptions (20 events):
Event: 30.408 Thread 0x00000265137ebdd0 Exception <a 'java/lang/NoSuchMethodError'{0x00000000c7e448a0}: 'java.lang.Object java.lang.invoke.Invokers$Holder.linkToTargetMethod(java.lang.Object, java.lang.Object, java.lang.Object, long, java.lang.Object)'> (0x00000000c7e448a0) 
thrown [s\open\src\hotspot\share\interpreter\linkResolver.cpp, line 804]
Event: 31.359 Thread 0x00000265137ebdd0 Exception <a 'java/lang/IncompatibleClassChangeError'{0x00000000c7a033f8}: Found class java.lang.Object, but interface was expected> (0x00000000c7a033f8) 
thrown [s\open\src\hotspot\share\interpreter\linkResolver.cpp, line 871]
Event: 31.601 Thread 0x00000265137ebdd0 Exception <a 'java/lang/NoSuchMethodError'{0x00000000c7925e58}: 'void java.lang.invoke.DirectMethodHandle$Holder.invokeSpecialIFC(java.lang.Object, java.lang.Object, int, java.lang.Object, java.lang.Object, java.lang.Object, java.lang.Object)'> (0x00000000c7925e58) 
thrown [s\open\src\hotspot\share\interpreter\linkResolver.cpp, line 804]
Event: 32.257 Thread 0x00000265137ebdd0 Exception <a 'java/lang/NoSuchMethodError'{0x00000000c78d1a40}: 'void java.lang.invoke.DelegatingMethodHandle$Holder.reinvoke_L(java.lang.Object, java.lang.Object, long)'> (0x00000000c78d1a40) 
thrown [s\open\src\hotspot\share\interpreter\linkResolver.cpp, line 804]
Event: 257.885 Thread 0x0000026514409120 Exception <a 'java/lang/NoSuchMethodError'{0x00000000c8fec278}: 'java.lang.Object java.lang.invoke.DirectMethodHandle$Holder.newInvokeSpecial(java.lang.Object, java.lang.Object, java.lang.Object, java.lang.Object, int)'> (0x00000000c8fec278) 
thrown [s\open\src\hotspot\share\interpreter\linkResolver.cpp, line 804]
Event: 257.890 Thread 0x0000026514409120 Exception <a 'java/lang/NoSuchMethodError'{0x00000000c8ff49e0}: 'java.lang.Object java.lang.invoke.DirectMethodHandle$Holder.invokeSpecial(java.lang.Object, java.lang.Object, java.lang.Object, java.lang.Object, java.lang.Object, int)'> (0x00000000c8ff49e0) 
thrown [s\open\src\hotspot\share\interpreter\linkResolver.cpp, line 804]
Event: 257.892 Thread 0x0000026514409120 Exception <a 'java/lang/NoSuchMethodError'{0x00000000c8ffc8a0}: 'java.lang.Object java.lang.invoke.Invokers$Holder.linkToTargetMethod(java.lang.Object, java.lang.Object, java.lang.Object, int, java.lang.Object)'> (0x00000000c8ffc8a0) 
thrown [s\open\src\hotspot\share\interpreter\linkResolver.cpp, line 804]
Event: 258.487 Thread 0x0000026511fd2f40 Exception <a 'java/lang/InterruptedException'{0x00000000ffda6f10}: sleep interrupted> (0x00000000ffda6f10) 
thrown [s\open\src\hotspot\share\prims\jvm.cpp, line 2873]
Event: 259.595 Thread 0x000002651440a0c0 Exception <a 'sun/nio/fs/WindowsException'{0x00000000fffa9a78}> (0x00000000fffa9a78) 
thrown [s\open\src\hotspot\share\prims\jni.cpp, line 514]
Event: 262.387 Thread 0x000002651440a0c0 Exception <a 'java/io/FileNotFoundException'{0x00000000c7374288}> (0x00000000c7374288) 
thrown [s\open\src\hotspot\share\prims\jni.cpp, line 514]
Event: 262.513 Thread 0x000002651440a0c0 Exception <a 'java/io/FileNotFoundException'{0x00000000c71cc4f8}> (0x00000000c71cc4f8) 
thrown [s\open\src\hotspot\share\prims\jni.cpp, line 514]
Event: 264.417 Thread 0x000002651440c000 Exception <a 'java/lang/InterruptedException'{0x00000000c7000068}: sleep interrupted> (0x00000000c7000068) 
thrown [s\open\src\hotspot\share\prims\jvm.cpp, line 2873]
Event: 266.123 Thread 0x00000265137e67e0 Exception <a 'sun/nio/fs/WindowsException'{0x00000000ffe45590}> (0x00000000ffe45590) 
thrown [s\open\src\hotspot\share\prims\jni.cpp, line 514]
Event: 268.397 Thread 0x00000265137e67e0 Exception <a 'java/io/FileNotFoundException'{0x00000000c7226a20}> (0x00000000c7226a20) 
thrown [s\open\src\hotspot\share\prims\jni.cpp, line 514]
Event: 268.613 Thread 0x00000265137e67e0 Exception <a 'java/io/FileNotFoundException'{0x00000000c7081b98}> (0x00000000c7081b98) 
thrown [s\open\src\hotspot\share\prims\jni.cpp, line 514]
Event: 318.134 Thread 0x0000026511bf9000 Exception <a 'java/lang/NoSuchMethodError'{0x00000000c778c3a8}: static [B.<clinit>()V> (0x00000000c778c3a8) 
thrown [s\open\src\hotspot\share\prims\jni.cpp, line 1104]
Event: 340.818 Thread 0x000002651440c7d0 Exception <a 'java/lang/NoSuchMethodError'{0x00000000c7209840}: 'long java.lang.invoke.DelegatingMethodHandle$Holder.reinvoke_L(java.lang.Object, java.lang.Object)'> (0x00000000c7209840) 
thrown [s\open\src\hotspot\share\interpreter\linkResolver.cpp, line 804]
Event: 340.828 Thread 0x000002651440c7d0 Exception <a 'java/lang/NoSuchMethodError'{0x00000000c721a740}: 'void java.lang.invoke.DelegatingMethodHandle$Holder.reinvoke_L(java.lang.Object, java.lang.Object, long)'> (0x00000000c721a740) 
thrown [s\open\src\hotspot\share\interpreter\linkResolver.cpp, line 804]
Event: 341.199 Thread 0x000002651440c7d0 Exception <a 'java/lang/NoSuchMethodError'{0x00000000c71cab38}: 'int java.lang.invoke.DirectMethodHandle$Holder.invokeStatic(java.lang.Object, java.lang.Object, int, int)'> (0x00000000c71cab38) 
thrown [s\open\src\hotspot\share\interpreter\linkResolver.cpp, line 804]
Event: 860.930 Thread 0x00000265137e7f50 Exception <a 'java/lang/InterruptedException'{0x00000000ffe40360}: sleep interrupted> (0x00000000ffe40360) 
thrown [s\open\src\hotspot\share\prims\jvm.cpp, line 2873]

VM Operations (20 events):
Event: 300.681 Executing non-safepoint VM operation: RendezvousGCThreads done
Event: 341.016 Executing non-safepoint VM operation: HandshakeAllThreads (Deoptimize)
Event: 341.021 Executing non-safepoint VM operation: HandshakeAllThreads (Deoptimize) done
Event: 360.816 Executing non-safepoint VM operation: HandshakeAllThreads (DeflationHandshakeClosure)
Event: 360.816 Executing non-safepoint VM operation: HandshakeAllThreads (DeflationHandshakeClosure) done
Event: 360.817 Executing non-safepoint VM operation: RendezvousGCThreads
Event: 360.817 Executing non-safepoint VM operation: RendezvousGCThreads done
Event: 363.972 Executing non-safepoint VM operation: HandshakeAllThreads (G1 Java Thread CT swap)
Event: 363.972 Executing non-safepoint VM operation: HandshakeAllThreads (G1 Java Thread CT swap) done
Event: 363.972 Executing non-safepoint VM operation: G1RendezvousGCThreads
Event: 363.972 Executing non-safepoint VM operation: G1RendezvousGCThreads done
Event: 398.891 Executing safepoint VM operation: G1CollectForAllocation (G1 Evacuation Pause)
Event: 399.021 Executing safepoint VM operation: G1CollectForAllocation (G1 Evacuation Pause) done
Event: 520.559 Executing non-safepoint VM operation: HandshakeAllThreads (Deoptimize)
Event: 520.562 Executing non-safepoint VM operation: HandshakeAllThreads (Deoptimize) done
Event: 719.920 Executing non-safepoint VM operation: HandshakeAllThreads (G1 Java Thread CT swap)
Event: 719.936 Executing non-safepoint VM operation: HandshakeAllThreads (G1 Java Thread CT swap) done
Event: 719.936 Executing non-safepoint VM operation: G1RendezvousGCThreads
Event: 719.936 Executing non-safepoint VM operation: G1RendezvousGCThreads done
Event: 860.960 Executing safepoint VM operation: G1CollectFull (System.gc())

Memory protections (0 events):
No events

Nmethod flushes (20 events):
Event: 259.445 Thread 0x000002650cdcd500 flushing  nmethod 0x000002657d511888
Event: 259.445 Thread 0x000002650cdcd500 flushing  nmethod 0x000002657d511b88
Event: 259.445 Thread 0x000002650cdcd500 flushing  nmethod 0x000002657d512188
Event: 259.445 Thread 0x000002650cdcd500 flushing  nmethod 0x000002657d524808
Event: 259.445 Thread 0x000002650cdcd500 flushing  nmethod 0x000002657d525c88
Event: 259.445 Thread 0x000002650cdcd500 flushing  nmethod 0x000002657d525f88
Event: 259.445 Thread 0x000002650cdcd500 flushing  nmethod 0x000002657d526288
Event: 259.445 Thread 0x000002650cdcd500 flushing  nmethod 0x000002657d526588
Event: 259.445 Thread 0x000002650cdcd500 flushing  nmethod 0x000002657d526c88
Event: 259.445 Thread 0x000002650cdcd500 flushing  nmethod 0x000002657d527008
Event: 259.445 Thread 0x000002650cdcd500 flushing  nmethod 0x000002657d562008
Event: 259.445 Thread 0x000002650cdcd500 flushing  nmethod 0x000002657d563788
Event: 259.445 Thread 0x000002650cdcd500 flushing  nmethod 0x000002657d587f08
Event: 259.445 Thread 0x000002650cdcd500 flushing  nmethod 0x000002657d588888
Event: 259.445 Thread 0x000002650cdcd500 flushing  nmethod 0x000002657d630288
Event: 259.445 Thread 0x000002650cdcd500 flushing  nmethod 0x000002657d6ccc08
Event: 259.445 Thread 0x000002650cdcd500 flushing  nmethod 0x000002657d756b88
Event: 259.445 Thread 0x000002650cdcd500 flushing  nmethod 0x000002657d817a88
Event: 264.707 Thread 0x000002650cdcd500 flushing  nmethod 0x000002657d872308
Event: 264.707 Thread 0x000002650cdcd500 flushing  nmethod 0x000002657d94d188

Events (20 events):
Event: 858.619 Thread 0x00000265142ea5d0 Thread added: 0x00000265142e3610
Event: 858.713 Thread 0x00000265142e5620 Thread exited: 0x00000265142e5620
Event: 858.723 Thread 0x00000265142e3610 Thread exited: 0x00000265142e3610
Event: 858.765 Thread 0x00000265142e4e50 Thread exited: 0x00000265142e4e50
Event: 858.781 Thread 0x0000026514775e60 Thread exited: 0x0000026514775e60
Event: 858.791 Thread 0x000002651440d770 Thread exited: 0x000002651440d770
Event: 858.792 Thread 0x000002650ce01940 Thread exited: 0x000002650ce01940
Event: 858.793 Thread 0x000002651440c000 Thread exited: 0x000002651440c000
Event: 858.793 Thread 0x0000026514776630 Thread exited: 0x0000026514776630
Event: 858.794 Thread 0x00000265142e5df0 Thread exited: 0x00000265142e5df0
Event: 858.794 Thread 0x0000026514775690 Thread exited: 0x0000026514775690
Event: 858.794 Thread 0x000002651440b830 Thread exited: 0x000002651440b830
Event: 858.795 Thread 0x000002651440c7d0 Thread exited: 0x000002651440c7d0
Event: 858.795 Thread 0x0000026514774ec0 Thread exited: 0x0000026514774ec0
Event: 859.082 Thread 0x00000265142ea5d0 Thread added: 0x0000026514776630
Event: 859.090 Thread 0x00000265144098f0 Thread exited: 0x00000265144098f0
Event: 859.129 Thread 0x0000026514776630 Thread exited: 0x0000026514776630
Event: 860.926 Thread 0x00000265137ea660 Thread exited: 0x00000265137ea660
Event: 860.927 Thread 0x00000265137eb600 Thread exited: 0x00000265137eb600
Event: 860.931 Thread 0x00000265137e7f50 Thread exited: 0x00000265137e7f50


Dynamic libraries:
0x00007ff780e20000 - 0x00007ff780e2e000 	C:\Users\mir atir hussain\.jdks\openjdk-26.0.1\bin\java.exe
0x00007ffa71d20000 - 0x00007ffa71f87000 	C:\WINDOWS\SYSTEM32\ntdll.dll
0x00007ffa6fc00000 - 0x00007ffa6fcc9000 	C:\WINDOWS\System32\KERNEL32.DLL
0x00007ffa6f550000 - 0x00007ffa6f947000 	C:\WINDOWS\System32\KERNELBASE.dll
0x00007ffa6f950000 - 0x00007ffa6fa9b000 	C:\WINDOWS\System32\ucrtbase.dll
0x00007ffa69f20000 - 0x00007ffa69f37000 	C:\Users\mir atir hussain\.jdks\openjdk-26.0.1\bin\jli.dll
0x00007ffa69f00000 - 0x00007ffa69f1e000 	C:\Users\mir atir hussain\.jdks\openjdk-26.0.1\bin\VCRUNTIME140.dll
0x00007ffa71b10000 - 0x00007ffa71cd6000 	C:\WINDOWS\System32\USER32.dll
0x00007ffa6ebf0000 - 0x00007ffa6ec17000 	C:\WINDOWS\System32\win32u.dll
0x00007ffa6d950000 - 0x00007ffa6dbe2000 	C:\WINDOWS\WinSxS\amd64_microsoft.windows.common-controls_6595b64144ccf1df_6.0.26100.8457_none_3e0b2faee331e92d\COMCTL32.dll
0x00007ffa71290000 - 0x00007ffa712bb000 	C:\WINDOWS\System32\GDI32.dll
0x00007ffa703f0000 - 0x00007ffa70499000 	C:\WINDOWS\System32\msvcrt.dll
0x00007ffa6ea10000 - 0x00007ffa6eb3c000 	C:\WINDOWS\System32\gdi32full.dll
0x00007ffa6eb40000 - 0x00007ffa6ebe3000 	C:\WINDOWS\System32\msvcp_win.dll
0x00007ffa6fdd0000 - 0x00007ffa6fe02000 	C:\WINDOWS\System32\IMM32.DLL
0x00007ffa69ef0000 - 0x00007ffa69efc000 	C:\Users\mir atir hussain\.jdks\openjdk-26.0.1\bin\vcruntime140_1.dll
0x00007ffa53510000 - 0x00007ffa5359d000 	C:\Users\mir atir hussain\.jdks\openjdk-26.0.1\bin\msvcp140.dll
0x00007ffa06e30000 - 0x00007ffa07cfe000 	C:\Users\mir atir hussain\.jdks\openjdk-26.0.1\bin\server\jvm.dll
0x00007ffa6fe10000 - 0x00007ffa6fec6000 	C:\WINDOWS\System32\ADVAPI32.dll
0x00007ffa71340000 - 0x00007ffa713e7000 	C:\WINDOWS\System32\sechost.dll
0x00007ffa70770000 - 0x00007ffa70888000 	C:\WINDOWS\System32\RPCRT4.dll
0x00007ffa71020000 - 0x00007ffa710a0000 	C:\WINDOWS\System32\WS2_32.dll
0x00007ffa6e5b0000 - 0x00007ffa6e60e000 	C:\WINDOWS\SYSTEM32\POWRPROF.dll
0x00007ffa560c0000 - 0x00007ffa560f6000 	C:\WINDOWS\SYSTEM32\WINMM.dll
0x00007ffa60fa0000 - 0x00007ffa60fab000 	C:\WINDOWS\SYSTEM32\VERSION.dll
0x00007ffa6e590000 - 0x00007ffa6e5a4000 	C:\WINDOWS\SYSTEM32\UMPDC.dll
0x00007ffa6cc20000 - 0x00007ffa6cc3b000 	C:\WINDOWS\SYSTEM32\kernel.appcore.dll
0x00007ffa69ee0000 - 0x00007ffa69eea000 	C:\Users\mir atir hussain\.jdks\openjdk-26.0.1\bin\jimage.dll
0x00007ffa6df00000 - 0x00007ffa6e142000 	C:\WINDOWS\SYSTEM32\DBGHELP.DLL
0x00007ffa6ffa0000 - 0x00007ffa70323000 	C:\WINDOWS\System32\combase.dll
0x00007ffa70510000 - 0x00007ffa705e9000 	C:\WINDOWS\System32\OLEAUT32.dll
0x00007ffa6ddf0000 - 0x00007ffa6de2b000 	C:\WINDOWS\SYSTEM32\dbgcore.DLL
0x00007ffa6e960000 - 0x00007ffa6ea08000 	C:\WINDOWS\System32\bcryptPrimitives.dll
0x00007ffa69ed0000 - 0x00007ffa69ee0000 	C:\Users\mir atir hussain\.jdks\openjdk-26.0.1\bin\instrument.dll
0x00007ffa69e20000 - 0x00007ffa69e3f000 	C:\Users\mir atir hussain\.jdks\openjdk-26.0.1\bin\java.dll
0x00007ffa71970000 - 0x00007ffa71b07000 	C:\WINDOWS\System32\ole32.dll
0x00007ffa70890000 - 0x00007ffa70ffe000 	C:\WINDOWS\System32\SHELL32.dll
0x00007ffa6ece0000 - 0x00007ffa6f54c000 	C:\WINDOWS\System32\windows.storage.dll
0x00007ffa705f0000 - 0x00007ffa706e6000 	C:\WINDOWS\System32\SHCORE.dll
0x00007ffa704a0000 - 0x00007ffa70506000 	C:\WINDOWS\System32\shlwapi.dll
0x00007ffa6e670000 - 0x00007ffa6e699000 	C:\WINDOWS\SYSTEM32\profapi.dll
0x00007ffa42df0000 - 0x00007ffa42e07000 	C:\Users\mir atir hussain\.jdks\openjdk-26.0.1\bin\zip.dll
0x00007ffa56f50000 - 0x00007ffa56f62000 	C:\Users\mir atir hussain\.jdks\openjdk-26.0.1\bin\net.dll
0x00007ffa6d2f0000 - 0x00007ffa6d35c000 	C:\WINDOWS\system32\mswsock.dll
0x00007ffa56f30000 - 0x00007ffa56f46000 	C:\Users\mir atir hussain\.jdks\openjdk-26.0.1\bin\nio.dll
0x00007ffa6c6f0000 - 0x00007ffa6c822000 	C:\WINDOWS\SYSTEM32\DNSAPI.dll
0x00007ffa6c6b0000 - 0x00007ffa6c6e2000 	C:\WINDOWS\SYSTEM32\IPHLPAPI.DLL
0x00007ffa71010000 - 0x00007ffa7101a000 	C:\WINDOWS\System32\NSI.dll
0x00007ffa64e90000 - 0x00007ffa64e9b000 	C:\Windows\System32\rasadhlp.dll
0x00007ffa60d50000 - 0x00007ffa60dd6000 	C:\WINDOWS\System32\fwpuclnt.dll
0x00007ffa69ec0000 - 0x00007ffa69ec9000 	C:\Users\mir atir hussain\.jdks\openjdk-26.0.1\bin\extnet.dll
0x00007ffa69b00000 - 0x00007ffa69b0a000 	C:\Users\mir atir hussain\.jdks\openjdk-26.0.1\bin\management.dll
0x00007ffa692b0000 - 0x00007ffa692bc000 	C:\Users\mir atir hussain\.jdks\openjdk-26.0.1\bin\management_ext.dll
0x00007ffa6fed0000 - 0x00007ffa6fed8000 	C:\WINDOWS\System32\PSAPI.DLL
0x00007ffa6e270000 - 0x00007ffa6e28b000 	C:\WINDOWS\SYSTEM32\CRYPTSP.dll
0x00007ffa6cb80000 - 0x00007ffa6cbb9000 	C:\WINDOWS\system32\rsaenh.dll
0x00007ffa6d3a0000 - 0x00007ffa6d3d3000 	C:\WINDOWS\SYSTEM32\USERENV.dll
0x00007ffa6e640000 - 0x00007ffa6e66a000 	C:\WINDOWS\SYSTEM32\bcrypt.dll
0x00007ffa6d5d0000 - 0x00007ffa6d5dc000 	C:\WINDOWS\SYSTEM32\CRYPTBASE.dll
0x00007ffa52c10000 - 0x00007ffa52c28000 	C:\WINDOWS\system32\napinsp.dll
0x00007ffa476e0000 - 0x00007ffa476f3000 	C:\WINDOWS\System32\winrnr.dll
0x00007ffa44db0000 - 0x00007ffa44dd2000 	C:\WINDOWS\system32\nlansp_c.dll
0x00007ffa65960000 - 0x00007ffa65976000 	C:\WINDOWS\system32\wshbth.dll
0x00007ffa56ed0000 - 0x00007ffa56f26000 	C:\WINDOWS\SYSTEM32\pdh.dll
0x00007ffa69ad0000 - 0x00007ffa69ae2000 	C:\WINDOWS\System32\perfproc.dll
0x00007ffa646c0000 - 0x00007ffa646ce000 	C:\Users\mir atir hussain\.jdks\openjdk-26.0.1\bin\sunmscapi.dll
0x00007ffa6e7e0000 - 0x00007ffa6e958000 	C:\WINDOWS\System32\CRYPT32.dll
0x00007ffa6d810000 - 0x00007ffa6d840000 	C:\WINDOWS\SYSTEM32\ncrypt.dll
0x00007ffa6d7c0000 - 0x00007ffa6d7ff000 	C:\WINDOWS\SYSTEM32\NTASN1.dll
0x00007ffa4aad0000 - 0x00007ffa4aad8000 	C:\WINDOWS\system32\wshunix.dll

JVMTI agents:
C:\Program Files\JetBrains\IntelliJ IDEA 2026.1.1\lib\idea_rt.jar path:C:\Users\mir atir hussain\.jdks\openjdk-26.0.1\bin\instrument.dll, loaded, initialized, instrumentlib options:55918

dbghelp: loaded successfully - version: 4.0.5 - missing functions: none
symbol engine: initialized successfully - sym options: 0x614 - pdb path: .;C:\Users\mir atir hussain\.jdks\openjdk-26.0.1\bin;C:\WINDOWS\SYSTEM32;C:\WINDOWS\WinSxS\amd64_microsoft.windows.common-controls_6595b64144ccf1df_6.0.26100.8457_none_3e0b2faee331e92d;C:\Users\mir atir hussain\.jdks\openjdk-26.0.1\bin\server

VM Arguments:
jvm_args: -XX:TieredStopAtLevel=1 -Dspring.output.ansi.enabled=always -Dcom.sun.management.jmxremote -Dspring.jmx.enabled=true -Dspring.liveBeansView.mbeanDomain -Dspring.application.admin.enabled=true -Dmanagement.endpoints.jmx.exposure.include=* -javaagent:C:\Program Files\JetBrains\IntelliJ IDEA 2026.1.1\lib\idea_rt.jar=55918 -Dfile.encoding=UTF-8 -Dsun.stdout.encoding=UTF-8 -Dsun.stderr.encoding=UTF-8 
java_command: com.jsp.qeats.QeatsApplication
java_class_path (initial): C:\Users\mir atir hussain\OneDrive\Desktop\food-deliveryProject\qeats\target\classes;C:\Users\mir atir hussain\.m2\repository\org\springframework\boot\spring-boot-starter-data-jpa\4.0.6\spring-boot-starter-data-jpa-4.0.6.jar;C:\Users\mir atir hussain\.m2\repository\org\springframework\boot\spring-boot-starter\4.0.6\spring-boot-starter-4.0.6.jar;C:\Users\mir atir hussain\.m2\repository\org\springframework\boot\spring-boot-starter-logging\4.0.6\spring-boot-starter-logging-4.0.6.jar;C:\Users\mir atir hussain\.m2\repository\ch\qos\logback\logback-classic\1.5.32\logback-classic-1.5.32.jar;C:\Users\mir atir hussain\.m2\repository\ch\qos\logback\logback-core\1.5.32\logback-core-1.5.32.jar;C:\Users\mir atir hussain\.m2\repository\org\apache\logging\log4j\log4j-to-slf4j\2.25.4\log4j-to-slf4j-2.25.4.jar;C:\Users\mir atir hussain\.m2\repository\org\apache\logging\log4j\log4j-api\2.25.4\log4j-api-2.25.4.jar;C:\Users\mir atir hussain\.m2\repository\org\slf4j\jul-to-slf4j\2.0.17\jul-to-slf4j-2.0.17.jar;C:\Users\mir atir hussain\.m2\repository\jakarta\annotation\jakarta.annotation-api\3.0.0\jakarta.annotation-api-3.0.0.jar;C:\Users\mir atir hussain\.m2\repository\org\yaml\snakeyaml\2.5\snakeyaml-2.5.jar;C:\Users\mir atir hussain\.m2\repository\org\springframework\boot\spring-boot-starter-jdbc\4.0.6\spring-boot-starter-jdbc-4.0.6.jar;C:\Users\mir atir hussain\.m2\repository\com\zaxxer\HikariCP\7.0.2\HikariCP-7.0.2.jar;C:\Users\mir atir hussain\.m2\repository\org\slf4j\slf4j-api\2.0.17\slf4j-api-2.0.17.jar;C:\Users\mir atir hussain\.m2\repository\org\springframework\boot\spring-boot-data-jpa\4.0.6\spring-boot-data-jpa-4.0.6.jar;C:\Users\mir atir hussain\.m2\repository\org\springframework\boot\spring-boot-data-commons\4.0.6\spring-boot-data-commons-4.0.6.jar;C:\Users\mir atir hussain\.m2\repository\org\springframework\boot\spring-boot-persistence\4.0.6\spring-boot-persistence-4.0.6.jar;C:\Users\mir atir hussain\.m2\repository\org\springframework\data\spring-data-commons\4.0.5\spring-data-commons-4.0.5.jar;C:\Users\mir atir hussain\.m2\repository\org\springframework\boot\spring-boot-hibernate\4.0.6\spring-boot-hibernate-4.0.6.jar;C:\Users\mir atir hussain\.m2\repository\org\springframework\boot\spring-boot-jpa\4.0.6\spring-boot-jpa-4.0.6.jar;C:\Users\mir atir hussain\.m2\repository\jakarta\persistence\jakarta.persistence-api\3.2.0\jakarta.persistence-api-3.2.0.jar;C:\Users\mir atir hussain\.m2\repository\org\hibernate\orm\hibernate-core\7.2.12.Final\hibernate-core-7.2.12.Final.jar;C:\Users\mir atir hussain\.m2\repository\jakarta\transaction\jakarta.transaction-api\2.0.1\jakarta.transaction-api-2.0.1.jar;C:\Users\mir atir hussain\.m2\repository\org\hibernate\models\hibernate-models\1.0.1\hibernate-models-1.0.1.jar;C:\Users\mir atir hussain\.m2\repository\org\glassfish\jaxb\jaxb-runtime\4.0.6\jaxb-runtime-4.0.6.jar;C:\Users\mir atir hussain\.m2\repository\org\glassfish\jaxb\jaxb-core\4.0.6\jaxb-core-4.0.6.jar;C:\Users\mir atir hussain\.m2\repository\org\eclipse\angus\angus-activation\2.0.3\angus-activation-2.0.3.jar;C:\Users\mir atir hussain\.m2\repository\org\glassfish\jaxb\txw2\4.0.6\txw2-4.0.6.jar;C:\Users\mir atir hussain\.m2\repository\com\sun\istack\istack-commons-runtime\4.1.2\istack-commons-runtime-4.1.2.jar;C:\Users\mir atir hussain\.m2\repository\jakarta\inject\jakarta.inject-api\2.0.1\jakarta.inject-api-2.0.1.jar;C:\Users\mir atir hussain\.m2\repository\org\springframework\spring-orm\7.0.7\spring-orm-7.0.7.jar;C:\Users\mir atir hussain\.m2\repository\org\springframework\data\spring-data-jpa\4.0.5\spring-data-jpa-4.0.5.jar;C:\Users\mir atir hussain\.m2\repository\org\springframework\spring-tx\7.0.7\spring-tx-7.0.7.jar;C:\Users\mir atir hussain\.m2\repository\org\antlr\antlr4-runtime\4.13.2\antlr4-runtime-4.13.2.jar;C:\Users\mir atir hussain\.m2\repository\org\springframework\spring-aspects\7.0.7\spring-aspects-7.0.7.jar;C:\Users\mir atir hussain\.m2\repository\org\aspectj\aspectjweaver\1.9.25.1\aspectjweaver-1.9.25.1.jar;C:\Users\mir atir hussain\.m2\repository\org\springframework\boot\spring-boot-jdbc\4.0.6\spring-boot-jdbc-4.0.6.jar;C:\Users\mir atir hussain\.m2\repository\org\springframework\boot\spring-boot-sql\4.0.6\spring-boot-sql-4.0.6.jar;C:\Users\mir atir hussain\.m2\repository\org\springframework\boot\spring-boot-transaction\4.0.6\spring-boot-transaction-4.0.6.jar;C:\Users\mir atir hussain\.m2\repository\org\springframework\spring-jdbc\7.0.7\spring-jdbc-7.0.7.jar;C:\Users\mir atir hussain\.m2\repository\org\springframework\boot\spring-boot-starter-security\4.0.6\spring-boot-starter-security-4.0.6.jar;C:\Users\mir atir hussain\.m2\repository\org\springframework\boot\spring-boot-security\4.0.6\spring-boot-security-4.0.6.jar;C:\Users\mir atir hussain\.m2\repository\org\springframework\security\spring-security-config\7.0.5\spring-security-config-7.0.5.jar;C:\Users\mir atir hussain\.m2\repository\org\springframework\security\spring-security-core\7.0.5\spring-security-core-7.0.5.jar;C:\Users\mir atir hussain\.m2\repository\org\springframework\security\spring-security-crypto\7.0.5\spring-security-crypto-7.0.5.jar;C:\Users\mir atir hussain\.m2\repository\org\springframework\security\spring-security-web\7.0.5\spring-security-web-7.0.5.jar;C:\Users\mir atir hussain\.m2\repository\org\springframework\spring-expression\7.0.7\spring-expression-7.0.7.jar;C:\Users\mir atir hussain\.m2\repository\org\springframework\spring-aop\7.0.7\spring-aop-7.0.7.jar;C:\Users\mir atir hussain\.m2\repository\org\springframework\spring-beans\7.0.7\spring-beans-7.0.7.jar;C:\Users\mir atir hussain\.m2\repository\org\springframework\spring-core\7.0.7\spring-core-7.0.7.jar;C:\Users\mir atir hussain\.m2\repository\commons-logging\commons-logging\1.3.6\commons-logging-1.3.6.jar;C:\Users\mir atir hussain\.m2\repository\org\springframework\boot\spring-boot-starter-validation\4.0.6\spring-boot-starter-validation-4.0.6.jar;C:\Users\mir atir hussain\.m2\repository\org\springframework\boot\spring-boot-validation\4.0.6\spring-boot-validation-4.0.6.jar;C:\Users\mir atir hussain\.m2\repository\org\apache\tomcat\embed\tomcat-embed-el\11.0.21\tomcat-embed-el-11.0.21.jar;C:\Users\mir atir hussain\.m2\repository\org\hibernate\validator\hibernate-validator\9.0.1.Final\hibernate-validator-9.0.1.Final.jar;C:\Users\mir atir hussain\.m2\repository\jakarta\validation\jakarta.validation-api\3.1.1\jakarta.validation-api-3.1.1.jar;C:\Users\mir atir hussain\.m2\repository\org\jboss\logging\jboss-logging\3.6.3.Final\jboss-logging-3.6.3.Final.jar;C:\Users\mir atir hussain\.m2\repository\com\fasterxml\classmate\1.7.3\classmate-1.7.3.jar;C:\Users\mir atir hussain\.m2\repository\org\springframework\boot\spring-boot-starter-webmvc\4.0.6\spring-boot-starter-webmvc-4.0.6.jar;C:\Users\mir atir hussain\.m2\repository\org\springframework\boot\spring-boot-starter-jackson\4.0.6\spring-boot-starter-jackson-4.0.6.jar;C:\Users\mir atir hussain\.m2\repository\org\springframework\boot\spring-boot-jackson\4.0.6\spring-boot-jackson-4.0.6.jar;C:\Users\mir atir hussain\.m2\repository\tools\jackson\core\jackson-databind\3.1.2\jackson-databind-3.1.2.jar;C:\Users\mir atir hussain\.m2\repository\com\fasterxml\jackson\core\jackson-annotations\2.21\jackson-annotations-2.21.jar;C:\Users\mir atir hussain\.m2\repository\tools\jackson\core\jackson-core\3.1.2\jackson-core-3.1.2.jar;C:\Users\mir atir hussain\.m2\repository\org\springframework\boot\spring-boot-starter-tomcat\4.0.6\spring-boot-starter-tomcat-4.0.6.jar;C:\Users\mir atir hussain\.m2\repository\org\springframework\boot\spring-boot-starter-tomcat-runtime\4.0.6\spring-boot-starter-tomcat-runtime-4.0.6.jar;C:\Users\mir atir hussain\.m2\repository\org\apache\tomcat\embed\tomcat-embed-core\11.0.21\tomcat-embed-core-11.0.21.jar;C:\Users\mir atir hussain\.m2\repository\org\apache\tomcat\embed\tomcat-embed-websocket\11.0.21\tomcat-embed-websocket-11.0.21.jar;C:\Users\mir atir hussain\.m2\repository\org\springframework\boot\spring-boot-tomcat\4.0.6\spring-boot-tomcat-4.0.6.jar;C:\Users\mir atir hussain\.m2\repository\org\springframework\boot\spring-boot-http-converter\4.0.6\spring-boot-http-converter-4.0.6.jar;C:\Users\mir atir hussain\.m2\repository\org\springframework\spring-web\7.0.7\spring-web-7.0.7.jar;C:\Users\mir atir hussain\.m2\repository\io\micrometer\micrometer-observation\1.16.5\micrometer-observation-1.16.5.jar;C:\Users\mir atir hussain\.m2\repository\io\micrometer\micrometer-commons\1.16.5\micrometer-commons-1.16.5.jar;C:\Users\mir atir hussain\.m2\repository\org\springframework\boot\spring-boot-webmvc\4.0.6\spring-boot-webmvc-4.0.6.jar;C:\Users\mir atir hussain\.m2\repository\org\springframework\boot\spring-boot-servlet\4.0.6\spring-boot-servlet-4.0.6.jar;C:\Users\mir atir hussain\.m2\repository\org\springframework\spring-webmvc\7.0.7\spring-webmvc-7.0.7.jar;C:\Users\mir atir hussain\.m2\repository\org\springdoc\springdoc-openapi-starter-webmvc-ui\3.0.2\springdoc-openapi-starter-webmvc-ui-3.0.2.jar;C:\Users\mir atir hussain\.m2\repository\org\springdoc\springdoc-openapi-starter-webmvc-api\3.0.2\springdoc-openapi-starter-webmvc-api-3.0.2.jar;C:\Users\mir atir hussain\.m2\repository\org\springdoc\springdoc-openapi-starter-common\3.0.2\springdoc-openapi-starter-common-3.0.2.jar;C:\Users\mir atir hussain\.m2\repository\io\swagger\core\v3\swagger-core-jakarta\2.2.43\swagger-core-jakarta-2.2.43.jar;C:\Users\mir atir hussain\.m2\repository\org\apache\commons\commons-lang3\3.19.0\commons-lang3-3.19.0.jar;C:\Users\mir atir hussain\.m2\repository\io\swagger\core\v3\swagger-annotations-jakarta\2.2.43\swagger-annotations-jakarta-2.2.43.jar;C:\Users\mir atir hussain\.m2\repository\io\swagger\core\v3\swagger-models-jakarta\2.2.43\swagger-models-jakarta-2.2.43.jar;C:\Users\mir atir hussain\.m2\repository\com\fasterxml\jackson\core\jackson-databind\2.21.2\jackson-databind-2.21.2.jar;C:\Users\mir atir hussain\.m2\repository\com\fasterxml\jackson\core\jackson-core\2.21.2\jackson-core-2.21.2.jar;C:\Users\mir atir hussain\.m2\repository\com\fasterxml\jackson\dataformat\jackson-dataformat-yaml\2.21.2\jackson-dataformat-yaml-2.21.2.jar;C:\Users\mir atir hussain\.m2\repository\com\fasterxml\jackson\datatype\jackson-datatype-jsr310\2.21.2\jackson-datatype-jsr310-2.21.2.jar;C:\Users\mir atir hussain\.m2\repository\org\springframework\boot\spring-boot-web-server\4.0.6\spring-boot-web-server-4.0.6.jar;C:\Users\mir atir hussain\.m2\repository\org\webjars\swagger-ui\5.32.0\swagger-ui-5.32.0.jar;C:\Users\mir atir hussain\.m2\repository\org\webjars\webjars-locator-lite\1.1.3\webjars-locator-lite-1.1.3.jar;C:\Users\mir atir hussain\.m2\repository\org\jspecify\jspecify\1.0.0\jspecify-1.0.0.jar;C:\Users\mir atir hussain\.m2\repository\org\springframework\boot\spring-boot-devtools\4.0.6\spring-boot-devtools-4.0.6.jar;C:\Users\mir atir hussain\.m2\repository\org\springframework\boot\spring-boot\4.0.6\spring-boot-4.0.6.jar;C:\Users\mir atir hussain\.m2\repository\org\springframework\spring-context\7.0.7\spring-context-7.0.7.jar;C:\Users\mir atir hussain\.m2\repository\org\springframework\boot\spring-boot-autoconfigure\4.0.6\spring-boot-autoconfigure-4.0.6.jar;C:\Users\mir atir hussain\.m2\repository\org\postgresql\postgresql\42.7.10\postgresql-42.7.10.jar;C:\Users\mir atir hussain\.m2\repository\org\checkerframework\checker-qual\3.52.0\checker-qual-3.52.0.jar;C:\Users\mir atir hussain\.m2\repository\org\projectlombok\lombok\1.18.46\lombok-1.18.46.jar;C:\Users\mir atir hussain\.m2\repository\jakarta\xml\bind\jakarta.xml.bind-api\4.0.4\jakarta.xml.bind-api-4.0.4.jar;C:\Users\mir atir hussain\.m2\repository\jakarta\activation\jakarta.activation-api\2.1.4\jakarta.activation-api-2.1.4.jar;C:\Users\mir atir hussain\.m2\repository\net\bytebuddy\byte-buddy\1.17.8\byte-buddy-1.17.8.jar
Launcher Type: SUN_STANDARD

[Global flags]
     bool AOTAdapterCaching                        = false                                  {diagnostic} {ergonomic}
     bool AOTInvokeDynamicLinking                  = false                                  {diagnostic} {ergonomic}
     bool AOTRecordTraining                        = false                                  {diagnostic} {ergonomic}
     bool AOTReplayTraining                        = false                                  {diagnostic} {ergonomic}
     bool AOTStubCaching                           = false                                  {diagnostic} {ergonomic}
     intx CICompilerCount                          = 4                                         {product} {ergonomic}
     uint ConcGCThreads                            = 2                                         {product} {ergonomic}
     uint G1ConcRefinementThreads                  = 8                                         {product} {ergonomic}
     uint G1EagerReclaimRemSetThreshold            = 10                                   {experimental} {ergonomic}
   size_t G1HeapRegionSize                         = 1048576                                   {product} {ergonomic}
     uint G1RemSetArrayOfCardsEntries              = 10                                   {experimental} {ergonomic}
     uint G1RemSetHowlMaxNumBuckets                = 8                                    {experimental} {ergonomic}
     uint G1RemSetHowlNumBuckets                   = 4                                    {experimental} {ergonomic}
   size_t InitialHeapSize                          = 8388608                                   {product} {ergonomic}
     bool IntelJccErratumMitigation                = true                              {ARCH diagnostic} {ergonomic}
     bool ManagementServer                         = true                                      {product} {command line}
   size_t MarkStackSize                            = 4194304                                   {product} {ergonomic}
   size_t MarkStackSizeMax                         = 536870912                                 {product} {ergonomic}
   size_t MaxHeapSize                              = 1023410176                                {product} {ergonomic}
   size_t MaxNewSize                               = 613416960                                 {product} {ergonomic}
 uint64_t MaxRAM                                   = 4089434112                                {product} {ergonomic}
   size_t MinHeapDeltaBytes                        = 1048576                                   {product} {ergonomic}
   size_t MinHeapSize                              = 8388608                                   {product} {ergonomic}
   size_t NonNMethodCodeHeapSize                   = 4096                                   {pd product} {ergonomic}
   size_t NonProfiledCodeHeapSize                  = 0                                      {pd product} {ergonomic}
     bool ProfileInterpreter                       = false                                  {pd product} {command line}
   size_t ProfiledCodeHeapSize                     = 0                                      {pd product} {ergonomic}
   size_t SoftMaxHeapSize                          = 1023410176                             {manageable} {ergonomic}
     intx TieredStopAtLevel                        = 1                                         {product} {command line}
     bool UseCompressedOops                        = true                           {product lp64_product} {ergonomic}
     bool UseCondCardMark                          = true                                      {product} {ergonomic}
     bool UseFastUnorderedTimeStamps               = true                                 {experimental} {ergonomic}
     bool UseG1GC                                  = true                                      {product} {ergonomic}
     bool UseLargePagesIndividualAllocation        = false                                  {pd product} {ergonomic}
      int X86ICacheSync                            = 2                                 {ARCH diagnostic} {ergonomic}

Logging:
Log output configuration:
 #0: stdout all=warning uptime,level,tags foldmultilines=false
 #1: stderr all=off uptime,level,tags foldmultilines=false

Release file:
IMPLEMENTOR="Oracle Corporation" 
JAVA_RUNTIME_VERSION="26.0.1+8-34" 
JAVA_VERSION="26.0.1" 
JAVA_VERSION_DATE="2026-04-21" 
LIBC="default" 
MODULES="java.base java.compiler java.datatransfer java.xml java.prefs java.desktop java.instrument java.logging java.management java.security.sasl java.naming java.rmi java.management.rmi java.net.http java.scripting java.security.jgss java.transaction.xa java.sql java.sql.rowset java.xml.crypto java.se java.smartcardio jdk.accessibility jdk.internal.jvmstat jdk.attach jdk.charsets jdk.internal.opt jdk.zipfs jdk.compiler jdk.crypto.cryptoki jdk.crypto.ec jdk.crypto.mscapi jdk.dynalink jdk.internal.ed jdk.editpad jdk.internal.vm.ci jdk.graal.compiler jdk.graal.compiler.management jdk.hotspot.agent jdk.httpserver jdk.incubator.vector jdk.internal.le jdk.internal.md jdk.jartool jdk.javadoc jdk.jcmd jdk.management jdk.management.agent jdk.jconsole jdk.jdeps jdk.jdwp.agent jdk.jdi jdk.jfr jdk.jlink jdk.jpackage jdk.jshell jdk.jstatd jdk.localedata jdk.management.jfr jdk.naming.dns jdk.naming.rmi jdk.net jdk.nio.mapmode jdk.sctp jdk.security.auth jdk.security.jgss jdk.unsupported jdk.unsupported.desktop jdk.xml.dom" 
OS_ARCH="x86_64" 
OS_NAME="Windows" 
SOURCE=".:git:fcc00fc4aee7" 

Environment Variables:
JAVA_HOME=C:\Java\jdk
PATH=C:\oracle\product\10.2.0\db_1\bin;C:\Program Files\Common Files\Oracle\Java\javapath;C:\WINDOWS\system32;C:\WINDOWS;C:\WINDOWS\System32\Wbem;C:\WINDOWS\System32\WindowsPowerShell\v1.0\;C:\WINDOWS\System32\OpenSSH\;C:\Program Files\Git\cmd;C:\Java\jdk\bin;C:\Program Files\nodejs\;C:\Program Files\MySQL\MySQL Shell 8.0\bin\;C:\Users\mir atir hussain\AppData\Local\Microsoft\WindowsApps;;C:\Program Files\JetBrains\PyCharm Community Edition 2023.2.5\bin;;C:\Users\mir atir hussain\AppData\Local\Programs\Microsoft VS Code\bin;C:\Users\mir atir hussain\AppData\Roaming\npm
USERNAME=mir atir hussain
OS=Windows_NT
PROCESSOR_IDENTIFIER=Intel64 Family 6 Model 142 Stepping 12, GenuineIntel
TMP=C:\Users\MIRATI~1\AppData\Local\Temp
TEMP=C:\Users\MIRATI~1\AppData\Local\Temp




Compilation memory statistics disabled.

Periodic native trim disabled

---------------  S Y S T E M  ---------------

OS:
 Windows 11 , 64 bit Build 26100 (10.0.26100.8328)
OS uptime: 0 days 22:02 hours

CPU: total 8 (initial active 8) (4 cores per cpu, 2 threads per core) family 6 model 142 stepping 12 microcode 0xf8, cx8, cmov, fxsr, ht, mmx, 3dnowpref, sse, sse2, sse3, ssse3, sse4.1, sse4.2, popcnt, lzcnt, tsc, tscinvbit, avx, avx2, aes, erms, clmul, bmi1, bmi2, adx, fma, vzeroupper, clflush, clflushopt, rdtscp, f16c
Processor Information for the first 8 processors :
  Max Mhz: 2112, Current Mhz: 1609, Mhz Limit: 1605

Memory: 4k page, system-wide physical 3899M (430M free)
TotalPageFile size 15675M (AvailPageFile size 0M)
current process WorkingSet (physical memory assigned to process): 57M, peak: 261M
current process commit charge ("private bytes"): 330M, peak: 341M

vm_info: OpenJDK 64-Bit Server VM (26.0.1+8-34) for windows-amd64 JRE (26.0.1+8-34), built on 2026-03-10T17:24:10Z with MS VC++ 17.13 (VS2022)

END.
